#
# There is insufficient memory for the Java Runtime Environment to continue.
# Native memory allocation (malloc) failed to allocate 1555376 bytes for Chunk::new
# Possible reasons:
#   The system is out of physical RAM or swap space
#   In 32 bit mode, the process size limit was hit
# Possible solutions:
#   Reduce memory load on the system
#   Increase physical memory or swap space
#   Check if swap backing store is full
#   Use 64 bit Java on a 64 bit OS
#   Decrease Java heap size (-Xmx/-Xms)
#   Decrease number of Java threads
#   Decrease Java thread stack sizes (-Xss)
#   Set larger code cache with -XX:ReservedCodeCacheSize=
# This output file may be truncated or incomplete.
#
#  Out of Memory Error (allocation.cpp:390), pid=9312, tid=0x0000000000001f6c
#
# JRE version: OpenJDK Runtime Environment (8.0_76-b03) (build 1.8.0_76-release-b03)
# Java VM: OpenJDK 64-Bit Server VM (25.76-b03 mixed mode windows-amd64 compressed oops)
# Failed to write core dump. Minidumps are not enabled by default on client versions of Windows
#

---------------  T H R E A D  ---------------

Current thread (0x0000000016704000):  JavaThread "C2 CompilerThread1" daemon [_thread_in_native, id=8044, stack(0x0000000016ee0000,0x0000000016fe0000)]

Stack: [0x0000000016ee0000,0x0000000016fe0000]
[error occurred during error reporting (printing stack bounds), id 0xc0000005]

Native frames: (J=compiled Java code, j=interpreted, Vv=VM code, C=native code)


Current CompileTask:
C2:   5002 2009   !   4       com.android.dx.cf.code.Ropper::processBlock (1101 bytes)


---------------  P R O C E S S  ---------------

Java Threads: ( => current thread )
  0x00000000168dd800 JavaThread "pool-1-thread-4" [_thread_blocked, id=9856, stack(0x0000000017c90000,0x0000000017d90000)]
  0x0000000016a5c000 JavaThread "pool-1-thread-3" [_thread_blocked, id=5536, stack(0x0000000018110000,0x0000000018210000)]
  0x0000000016a59800 JavaThread "pool-1-thread-2" [_thread_blocked, id=9476, stack(0x0000000017f40000,0x0000000018040000)]
  0x0000000016a57000 JavaThread "pool-2-thread-1" [_thread_blocked, id=9748, stack(0x0000000017e30000,0x0000000017f30000)]
  0x0000000016976800 JavaThread "pool-1-thread-1" [_thread_blocked, id=9560, stack(0x0000000017b90000,0x0000000017c90000)]
  0x0000000016770800 JavaThread "Service Thread" daemon [_thread_blocked, id=7572, stack(0x00000000170d0000,0x00000000171d0000)]
  0x0000000016705000 JavaThread "C1 CompilerThread2" daemon [_thread_blocked, id=7832, stack(0x0000000016de0000,0x0000000016ee0000)]
=>0x0000000016704000 JavaThread "C2 CompilerThread1" daemon [_thread_in_native, id=8044, stack(0x0000000016ee0000,0x0000000016fe0000)]
  0x00000000166fb000 JavaThread "C2 CompilerThread0" daemon [_thread_in_native, id=6644, stack(0x0000000016110000,0x0000000016210000)]
  0x00000000166f8800 JavaThread "Attach Listener" daemon [_thread_blocked, id=9228, stack(0x0000000016cb0000,0x0000000016db0000)]
  0x000000001530d800 JavaThread "Signal Dispatcher" daemon [_thread_blocked, id=5356, stack(0x0000000016ba0000,0x0000000016ca0000)]
  0x00000000152f7000 JavaThread "Finalizer" daemon [_thread_blocked, id=7248, stack(0x00000000165f0000,0x00000000166f0000)]
  0x00000000152af800 JavaThread "Reference Handler" daemon [_thread_blocked, id=9368, stack(0x00000000163c0000,0x00000000164c0000)]
  0x000000000065f000 JavaThread "main" [_thread_blocked, id=8912, stack(0x00000000028f0000,0x00000000029f0000)]

Other Threads:
  0x00000000152a8000 VMThread [stack: 0x0000000016230000,0x0000000016330000] [id=5060]
  0x0000000016774800 WatcherThread [stack: 0x0000000017230000,0x0000000017330000] [id=8888]

VM state:not at safepoint (normal execution)

VM Mutex/Monitor currently owned by a thread: None

Heap:
 PSYoungGen      total 71680K, used 60222K [0x00000000eab00000, 0x00000000f3700000, 0x0000000100000000)
  eden space 66560K, 82% used [0x00000000eab00000,0x00000000ee0d17e8,0x00000000eec00000)
  from space 5120K, 99% used [0x00000000eec00000,0x00000000ef0fe058,0x00000000ef100000)
  to   space 5120K, 0% used [0x00000000f3200000,0x00000000f3200000,0x00000000f3700000)
 ParOldGen       total 87552K, used 14511K [0x00000000c0000000, 0x00000000c5580000, 0x00000000eab00000)
  object space 87552K, 16% used [0x00000000c0000000,0x00000000c0e2beb8,0x00000000c5580000)
 Metaspace       used 6329K, capacity 7092K, committed 7296K, reserved 1056768K
  class space    used 597K, capacity 620K, committed 640K, reserved 1048576K

Card table byte_map: [0x0000000011db0000,0x0000000011fc0000] byte_map_base: 0x00000000117b0000

Marking Bits: (ParMarkBitMap*) 0x0000000051c99d00
 Begin Bits: [0x0000000012720000, 0x0000000013720000)
 End Bits:   [0x0000000013720000, 0x0000000014720000)

Polling page: 0x0000000000150000

CodeCache: size=245760Kb used=8968Kb max_used=8980Kb free=236791Kb
 bounds [0x00000000029f0000, 0x00000000032d0000, 0x00000000119f0000]
 total_blobs=2168 nmethods=1897 adapters=184
 compilation: enabled

Compilation events (10 events):
Event: 4.709 Thread 0x00000000166fb000 nmethod 2024 0x00000000032a6850 code [0x00000000032a69a0, 0x00000000032a6a88]
Event: 4.709 Thread 0x00000000166fb000 2022       4       java.util.ArrayList::<init> (61 bytes)
Event: 4.710 Thread 0x00000000166fb000 nmethod 2022 0x000000000326b110 code [0x000000000326b260, 0x000000000326b378]
Event: 4.976 Thread 0x00000000166fb000 2026   !   4       com.android.dx.rop.type.Prototype::putIntern (50 bytes)
Event: 4.984 Thread 0x00000000166fb000 nmethod 2026 0x00000000032a1890 code [0x00000000032a1a20, 0x00000000032a2478]
Event: 4.984 Thread 0x00000000166fb000 2027       4       com.android.dx.cf.code.LineNumberList$Item::<init> (43 bytes)
Event: 4.984 Thread 0x00000000166fb000 nmethod 2027 0x000000000326ae90 code [0x000000000326afc0, 0x000000000326b058]
Event: 4.985 Thread 0x00000000166fb000 2028       4       com.android.dx.rop.code.PlainCstInsn::<init> (30 bytes)
Event: 4.985 Thread 0x00000000166fb000 nmethod 2028 0x000000000326aa10 code [0x000000000326ab60, 0x000000000326acb8]
Event: 4.986 Thread 0x00000000166fb000 2029 %     4       com.android.dx.ssa.SCCP::run @ 93 (298 bytes)

GC Heap History (6 events):
Event: 0.953 GC heap before
{Heap before GC invocations=1 (full 0):
 PSYoungGen      total 38400K, used 33280K [0x00000000eab00000, 0x00000000ed580000, 0x0000000100000000)
  eden space 33280K, 100% used [0x00000000eab00000,0x00000000ecb80000,0x00000000ecb80000)
  from space 5120K, 0% used [0x00000000ed080000,0x00000000ed080000,0x00000000ed580000)
  to   space 5120K, 0% used [0x00000000ecb80000,0x00000000ecb80000,0x00000000ed080000)
 ParOldGen       total 87552K, used 0K [0x00000000c0000000, 0x00000000c5580000, 0x00000000eab00000)
  object space 87552K, 0% used [0x00000000c0000000,0x00000000c0000000,0x00000000c5580000)
 Metaspace       used 5968K, capacity 6896K, committed 7040K, reserved 1056768K
  class space    used 578K, capacity 616K, committed 640K, reserved 1048576K
Event: 1.024 GC heap after
Heap after GC invocations=1 (full 0):
 PSYoungGen      total 38400K, used 5100K [0x00000000eab00000, 0x00000000ef600000, 0x0000000100000000)
  eden space 33280K, 0% used [0x00000000eab00000,0x00000000eab00000,0x00000000ecb80000)
  from space 5120K, 99% used [0x00000000ecb80000,0x00000000ed07b268,0x00000000ed080000)
  to   space 5120K, 0% used [0x00000000ef100000,0x00000000ef100000,0x00000000ef600000)
 ParOldGen       total 87552K, used 1204K [0x00000000c0000000, 0x00000000c5580000, 0x00000000eab00000)
  object space 87552K, 1% used [0x00000000c0000000,0x00000000c012d060,0x00000000c5580000)
 Metaspace       used 5968K, capacity 6896K, committed 7040K, reserved 1056768K
  class space    used 578K, capacity 616K, committed 640K, reserved 1048576K
}
Event: 1.696 GC heap before
{Heap before GC invocations=2 (full 0):
 PSYoungGen      total 38400K, used 38380K [0x00000000eab00000, 0x00000000ef600000, 0x0000000100000000)
  eden space 33280K, 100% used [0x00000000eab00000,0x00000000ecb80000,0x00000000ecb80000)
  from space 5120K, 99% used [0x00000000ecb80000,0x00000000ed07b268,0x00000000ed080000)
  to   space 5120K, 0% used [0x00000000ef100000,0x00000000ef100000,0x00000000ef600000)
 ParOldGen       total 87552K, used 1204K [0x00000000c0000000, 0x00000000c5580000, 0x00000000eab00000)
  object space 87552K, 1% used [0x00000000c0000000,0x00000000c012d060,0x00000000c5580000)
 Metaspace       used 6113K, capacity 7024K, committed 7296K, reserved 1056768K
  class space    used 578K, capacity 616K, committed 640K, reserved 1048576K
Event: 2.072 GC heap after
Heap after GC invocations=2 (full 0):
 PSYoungGen      total 71680K, used 5106K [0x00000000eab00000, 0x00000000ef600000, 0x0000000100000000)
  eden space 66560K, 0% used [0x00000000eab00000,0x00000000eab00000,0x00000000eec00000)
  from space 5120K, 99% used [0x00000000ef100000,0x00000000ef5fcab8,0x00000000ef600000)
  to   space 5120K, 0% used [0x00000000eec00000,0x00000000eec00000,0x00000000ef100000)
 ParOldGen       total 87552K, used 5492K [0x00000000c0000000, 0x00000000c5580000, 0x00000000eab00000)
  object space 87552K, 6% used [0x00000000c0000000,0x00000000c055d048,0x00000000c5580000)
 Metaspace       used 6113K, capacity 7024K, committed 7296K, reserved 1056768K
  class space    used 578K, capacity 616K, committed 640K, reserved 1048576K
}
Event: 2.609 GC heap before
{Heap before GC invocations=3 (full 0):
 PSYoungGen      total 71680K, used 71666K [0x00000000eab00000, 0x00000000ef600000, 0x0000000100000000)
  eden space 66560K, 100% used [0x00000000eab00000,0x00000000eec00000,0x00000000eec00000)
  from space 5120K, 99% used [0x00000000ef100000,0x00000000ef5fcab8,0x00000000ef600000)
  to   space 5120K, 0% used [0x00000000eec00000,0x00000000eec00000,0x00000000ef100000)
 ParOldGen       total 87552K, used 5492K [0x00000000c0000000, 0x00000000c5580000, 0x00000000eab00000)
  object space 87552K, 6% used [0x00000000c0000000,0x00000000c055d048,0x00000000c5580000)
 Metaspace       used 6301K, capacity 7092K, committed 7296K, reserved 1056768K
  class space    used 597K, capacity 620K, committed 640K, reserved 1048576K
Event: 2.658 GC heap after
Heap after GC invocations=3 (full 0):
 PSYoungGen      total 71680K, used 5112K [0x00000000eab00000, 0x00000000f3700000, 0x0000000100000000)
  eden space 66560K, 0% used [0x00000000eab00000,0x00000000eab00000,0x00000000eec00000)
  from space 5120K, 99% used [0x00000000eec00000,0x00000000ef0fe058,0x00000000ef100000)
  to   space 5120K, 0% used [0x00000000f3200000,0x00000000f3200000,0x00000000f3700000)
 ParOldGen       total 87552K, used 14511K [0x00000000c0000000, 0x00000000c5580000, 0x00000000eab00000)
  object space 87552K, 16% used [0x00000000c0000000,0x00000000c0e2beb8,0x00000000c5580000)
 Metaspace       used 6301K, capacity 7092K, committed 7296K, reserved 1056768K
  class space    used 597K, capacity 620K, committed 640K, reserved 1048576K
}

Deoptimization events (10 events):
Event: 2.304 Thread 0x000000000065f000 Uncommon trap: reason=unstable_if action=reinterpret pc=0x0000000002f2368c method=com.android.dx.ssa.SCCP.simulateBranch(Lcom/android/dx/ssa/SsaInsn;)V @ 548
Event: 2.335 Thread 0x000000000065f000 Uncommon trap: reason=unstable_if action=reinterpret pc=0x0000000002d5ad54 method=java.util.HashMap.putVal(ILjava/lang/Object;Ljava/lang/Object;ZZ)Ljava/lang/Object; @ 162
Event: 2.337 Thread 0x000000000065f000 Uncommon trap: reason=unstable_if action=reinterpret pc=0x0000000002c15d00 method=java.util.HashMap.getNode(ILjava/lang/Object;)Ljava/util/HashMap$Node; @ 84
Event: 2.337 Thread 0x000000000065f000 Uncommon trap: reason=unstable_if action=reinterpret pc=0x0000000002c035a8 method=java.util.HashMap.getNode(ILjava/lang/Object;)Ljava/util/HashMap$Node; @ 84
Event: 2.489 Thread 0x000000000065f000 Uncommon trap: reason=unstable_if action=reinterpret pc=0x0000000002da256c method=com.android.dx.util.IntList.binarysearch(I)I @ 105
Event: 2.490 Thread 0x000000000065f000 Uncommon trap: reason=unstable_if action=reinterpret pc=0x0000000003060178 method=com.android.dx.ssa.SsaBasicBlock.newFromRop(Lcom/android/dx/rop/code/RopMethod;ILcom/android/dx/ssa/SsaMethod;)Lcom/android/dx/ssa/SsaBasicBlock; @ 164
Event: 2.734 Thread 0x00000000168dd800 Uncommon trap: reason=bimorphic action=maybe_recompile pc=0x0000000003137788 method=com.android.dx.cf.code.BytecodeArray.parseInstruction(ILcom/android/dx/cf/code/BytecodeArray$Visitor;)I @ 1224
Event: 2.734 Thread 0x00000000168dd800 Uncommon trap: reason=bimorphic action=maybe_recompile pc=0x0000000003137788 method=com.android.dx.cf.code.BytecodeArray.parseInstruction(ILcom/android/dx/cf/code/BytecodeArray$Visitor;)I @ 1224
Event: 3.236 Thread 0x0000000016a59800 Uncommon trap: reason=unstable_if action=reinterpret pc=0x0000000002f59348 method=java.util.HashMap.resize()[Ljava/util/HashMap$Node; @ 206
Event: 3.474 Thread 0x0000000016a59800 Uncommon trap: reason=bimorphic action=maybe_recompile pc=0x00000000031134f4 method=java.util.HashMap.putVal(ILjava/lang/Object;Ljava/lang/Object;ZZ)Ljava/lang/Object; @ 203

Internal exceptions (8 events):
Event: 0.039 Thread 0x000000000065f000 Exception <a 'java/lang/NoSuchMethodError': Method sun.misc.Unsafe.defineClass(Ljava/lang/String;[BII)Ljava/lang/Class; name or signature does not match> (0x00000000eab07cc0) thrown at [C:\src\android\AOSP-openjdk\external\jetbrains\jdk\hotspot\src\share\v"ÉÑQÜÜ£?
Event: 0.039 Thread 0x000000000065f000 Exception <a 'java/lang/NoSuchMethodError': Method sun.misc.Unsafe.prefetchRead(Ljava/lang/Object;J)V name or signature does not match> (0x00000000eab07fa8) thrown at [C:\src\android\AOSP-openjdk\external\jetbrains\jdk\hotspot\src\share\vm\prims\jni.cpp, ld!ÅçºŸê?
Event: 0.832 Thread 0x0000000016976800 Implicit null exception at 0x0000000002ce30d3 to 0x0000000002ce53e1
Event: 0.832 Thread 0x0000000016976800 Implicit null exception at 0x0000000002ca4601 to 0x0000000002ca674d
Event: 1.591 Thread 0x0000000016a5c000 Implicit null exception at 0x0000000002d16352 to 0x0000000002d1644a
Event: 2.336 Thread 0x000000000065f000 Exception <a 'java/lang/ArrayIndexOutOfBoundsException': 18> (0x00000000ebdbb7c0) thrown at [C:\src\android\AOSP-openjdk\external\jetbrains\jdk\hotspot\src\share\vm\interpreter\interpreterRuntime.cpp, line 366]
Event: 2.336 Thread 0x000000000065f000 Exception <a 'java/lang/ArrayIndexOutOfBoundsException'> (0x00000000ebdbd340) thrown at [C:\src\android\AOSP-openjdk\external\jetbrains\jdk\hotspot\src\share\vm\runtime\sharedRuntime.cpp, line 605]
Event: 2.336 Thread 0x000000000065f000 Exception <a 'java/lang/ArrayIndexOutOfBoundsException'> (0x00000000ebdbe628) thrown at [C:\src\android\AOSP-openjdk\external\jetbrains\jdk\hotspot\src\share\vm\runtime\sharedRuntime.cpp, line 605]

Events (10 events):
Event: 3.474 Thread 0x0000000016a59800 DEOPT PACKING pc=0x00000000031134f4 sp=0x000000001803ea40
Event: 3.475 Thread 0x0000000016a59800 DEOPT UNPACKING pc=0x0000000002a3556a sp=0x000000001803e9c8 mode 2
Event: 3.694 Thread 0x0000000016a59800 DEOPT PACKING pc=0x0000000002de15d3 sp=0x000000001803e7c0
Event: 3.694 Thread 0x0000000016a59800 DEOPT UNPACKING pc=0x0000000002a375bf sp=0x000000001803e5d0 mode 0
Event: 3.697 Thread 0x0000000016a59800 DEOPT PACKING pc=0x0000000002df9f3d sp=0x000000001803ed80
Event: 3.697 Thread 0x0000000016a59800 DEOPT UNPACKING pc=0x0000000002a375bf sp=0x000000001803ea60 mode 0
Event: 3.960 Thread 0x0000000016a5c000 DEOPT PACKING pc=0x0000000002dccdec sp=0x000000001820e530
Event: 3.960 Thread 0x0000000016a5c000 DEOPT UNPACKING pc=0x0000000002a375bf sp=0x000000001820e2b0 mode 0
Event: 4.194 Executing VM operation: EnableBiasedLocking
Event: 4.194 Executing VM operation: EnableBiasedLocking done


Dynamic libraries:
0x000000013fc90000 - 0x000000013fcc1000 	C:\Program Files\Android\Android Studio\jre\bin\java.exe
0x00000000774c0000 - 0x000000007766a000 	C:\windows\SYSTEM32\ntdll.dll
0x00000000772a0000 - 0x00000000773bf000 	C:\windows\system32\kernel32.dll
0x000007fefd700000 - 0x000007fefd76a000 	C:\windows\system32\KERNELBASE.dll
0x00000000750f0000 - 0x0000000075179000 	C:\windows\System32\SYSFER.DLL
0x000007fefe550000 - 0x000007fefe62b000 	C:\windows\system32\ADVAPI32.dll
0x000007feff6b0000 - 0x000007feff74f000 	C:\windows\system32\msvcrt.dll
0x000007fefe120000 - 0x000007fefe13f000 	C:\windows\SYSTEM32\sechost.dll
0x000007fefe1b0000 - 0x000007fefe2dd000 	C:\windows\system32\RPCRT4.dll
0x00000000773c0000 - 0x00000000774ba000 	C:\windows\system32\USER32.dll
0x000007fefe140000 - 0x000007fefe1a7000 	C:\windows\system32\GDI32.dll
0x000007fefe630000 - 0x000007fefe63e000 	C:\windows\system32\LPK.dll
0x000007fefd7d0000 - 0x000007fefd89a000 	C:\windows\system32\USP10.dll
0x000007fefbfd0000 - 0x000007fefc1c4000 	C:\windows\WinSxS\amd64_microsoft.windows.common-controls_6595b64144ccf1df_6.0.7601.18837_none_fa3b1e3d17594757\COMCTL32.dll
0x000007feff750000 - 0x000007feff7c1000 	C:\windows\system32\SHLWAPI.dll
0x000007fefdc00000 - 0x000007fefdc2e000 	C:\windows\system32\IMM32.DLL
0x000007fefe2f0000 - 0x000007fefe3f9000 	C:\windows\system32\MSCTF.dll
0x0000000063b70000 - 0x0000000063c42000 	C:\Program Files\Android\Android Studio\jre\jre\bin\msvcr100.dll
0x00000000514e0000 - 0x0000000051d14000 	C:\Program Files\Android\Android Studio\jre\jre\bin\server\jvm.dll
0x000007fefaf80000 - 0x000007fefaf89000 	C:\windows\system32\WSOCK32.dll
0x000007fefe460000 - 0x000007fefe4ad000 	C:\windows\system32\WS2_32.dll
0x000007fefe2e0000 - 0x000007fefe2e8000 	C:\windows\system32\NSI.dll
0x000007fefb3f0000 - 0x000007fefb42b000 	C:\windows\system32\WINMM.dll
0x000007fefc510000 - 0x000007fefc51c000 	C:\windows\system32\VERSION.dll
0x0000000077690000 - 0x0000000077697000 	C:\windows\system32\PSAPI.DLL
0x000007fefb840000 - 0x000007fefb84f000 	C:\Program Files\Android\Android Studio\jre\jre\bin\verify.dll
0x000007fefaf50000 - 0x000007fefaf79000 	C:\Program Files\Android\Android Studio\jre\jre\bin\java.dll
0x000007fefac40000 - 0x000007fefac56000 	C:\Program Files\Android\Android Studio\jre\jre\bin\zip.dll
0x000007fefe920000 - 0x000007feff6a9000 	C:\windows\system32\SHELL32.dll
0x000007fefde90000 - 0x000007fefe093000 	C:\windows\system32\ole32.dll
0x000007fefd3c0000 - 0x000007fefd3cf000 	C:\windows\system32\profapi.dll

VM Arguments:
jvm_args: -Djava.awt.headless=true -Xmx1024M -Dfile.encoding=GBK -Duser.country=CN -Duser.language=zh -Duser.variant 
java_command: com.android.dx.command.Main --dex --force-jumbo --num-threads=4 --output C:\Users\wb-cuiweixing\Documents\print1\app\build\intermediates\pre-dexed\debug\core-3.2.1_0284d0ab6218be30fbb13fee98798d8746f54376.jar C:\Users\wb-cuiweixing\Documents\print1\app\libs\core-3.2.1.jar
java_class_path (initial): D:\tools_az\sdk\sdk\build-tools\25.0.2\lib\dx.jar
Launcher Type: SUN_STANDARD

Environment Variables:
JAVA_HOME=C:\Program Files\Java\jdk1.8.0_60
PATH=C:\Program Files\Java\jdk1.8.0_60\bin;C:\Windows\System32;C:\Windows\System32\WindowsPowerShell;D:\tools_az\apache-maven-3.2.5\bin;D:\tools_az\sdk\sdk\tools;D:\tools_az\sdk\sdk\platform-tools;
USERNAME=wb-cuiweixing
OS=Windows_NT
PROCESSOR_IDENTIFIER=Intel64 Family 6 Model 60 Stepping 3, GenuineIntel



---------------  S Y S T E M  ---------------

OS: Windows 7 , 64 bit Build 7601 (6.1.7601.23569)

CPU:total 4 (4 cores per cpu, 1 threads per core) family 6 model 60 stepping 3, cmov, cx8, fxsr, mmx, sse, sse2, sse3, ssse3, sse4.1, sse4.2, popcnt, avx, avx2, aes, clmul, erms, rtm, lzcnt, tsc, tscinvbit, bmi1, bmi2

Memory: 4k page, physical 8334396k(579320k free), swap 8332536k(6208k free)

vm_info: OpenJDK 64-Bit Server VM (25.76-b03) for windows-amd64 JRE (1.8.0_76-release-b03), built on Jun 29 2016 19:09:20 by "ralucas" with MS VC++ 10.0 (VS2010)

time: Tue Mar 14 16:40:51 2017
elapsed time: 5 seconds (0d 0h 0m 5s)

