#
# There is insufficient memory for the Java Runtime Environment to continue.
# Native memory allocation (malloc) failed to allocate 1048576 bytes for AllocateHeap
# Possible reasons:
#   The system is out of physical RAM or swap space
#   In 32 bit mode, the process size limit was hit
# Possible solutions:
#   Reduce memory load on the system
#   Increase physical memory or swap space
#   Check if swap backing store is full
#   Use 64 bit Java on a 64 bit OS
#   Decrease Java heap size (-Xmx/-Xms)
#   Decrease number of Java threads
#   Decrease Java thread stack sizes (-Xss)
#   Set larger code cache with -XX:ReservedCodeCacheSize=
# This output file may be truncated or incomplete.
#
#  Out of Memory Error (memory/allocation.inline.hpp:61), pid=6548, tid=0x0000000000002028
#
# JRE version:  (8.0_76-b03) (build )
# Java VM: OpenJDK 64-Bit Server VM (25.76-b03 mixed mode windows-amd64 compressed oops)
# Failed to write core dump. Minidumps are not enabled by default on client versions of Windows
#

---------------  T H R E A D  ---------------

Current thread (0x00000000028ff000):  JavaThread "Unknown thread" [_thread_in_vm, id=8232, stack(0x0000000002a00000,0x0000000002b00000)]

Stack: [0x0000000002a00000,0x0000000002b00000]
[error occurred during error reporting (printing stack bounds), id 0xc0000005]

Native frames: (J=compiled Java code, j=interpreted, Vv=VM code, C=native code)


---------------  P R O C E S S  ---------------

Java Threads: ( => current thread )

Other Threads:

=>0x00000000028ff000 (exited) JavaThread "Unknown thread" [_thread_in_vm, id=8232, stack(0x0000000002a00000,0x0000000002b00000)]

VM state:not at safepoint (normal execution)

VM Mutex/Monitor currently owned by a thread: None

Heap:
 PSYoungGen      total 38400K, used 665K [0x00000000eab00000, 0x00000000ed580000, 0x0000000100000000)
  eden space 33280K, 2% used [0x00000000eab00000,0x00000000eaba6670,0x00000000ecb80000)
  from space 5120K, 0% used [0x00000000ed080000,0x00000000ed080000,0x00000000ed580000)
  to   space 5120K, 0% used [0x00000000ecb80000,0x00000000ecb80000,0x00000000ed080000)
 ParOldGen       total 87552K, used 0K [0x00000000c0000000, 0x00000000c5580000, 0x00000000eab00000)
  object space 87552K, 0% used [0x00000000c0000000,0x00000000c0000000,0x00000000c5580000)
 Metaspace       used 771K, capacity 4480K, committed 4480K, reserved 1056768K
  class space    used 73K, capacity 384K, committed 384K, reserved 1048576K

Card table byte_map: [0x0000000011ec0000,0x00000000120d0000] byte_map_base: 0x00000000118c0000

Marking Bits: (ParMarkBitMap*) 0x0000000051c99d00
 Begin Bits: [0x0000000012890000, 0x0000000013890000)
 End Bits:   [0x0000000013890000, 0x0000000014890000)

Polling page: 0x0000000000150000

CodeCache: size=245760Kb used=328Kb max_used=328Kb free=245431Kb
 bounds [0x0000000002b00000, 0x0000000002d70000, 0x0000000011b00000]
 total_blobs=57 nmethods=0 adapters=38
 compilation: enabled

Compilation events (0 events):
No events

GC Heap History (0 events):
No events

Deoptimization events (0 events):
No events

Internal exceptions (0 events):
No events

Events (10 events):
Event: 0.016 loading class java/lang/Short
Event: 0.017 loading class java/lang/Short done
Event: 0.017 loading class java/lang/Integer
Event: 0.017 loading class java/lang/Integer done
Event: 0.017 loading class java/lang/Long
Event: 0.017 loading class java/lang/Long done
Event: 0.017 loading class java/lang/NullPointerException
Event: 0.017 loading class java/lang/NullPointerException done
Event: 0.017 loading class java/lang/ArithmeticException
Event: 0.017 loading class java/lang/ArithmeticException done


Dynamic libraries:
0x000000013ff20000 - 0x000000013ff51000 	C:\Program Files\Android\Android Studio\jre\bin\java.exe
0x00000000774c0000 - 0x000000007766a000 	C:\windows\SYSTEM32\ntdll.dll
0x00000000772a0000 - 0x00000000773bf000 	C:\windows\system32\kernel32.dll
0x000007fefd700000 - 0x000007fefd76a000 	C:\windows\system32\KERNELBASE.dll
0x00000000750f0000 - 0x0000000075179000 	C:\windows\System32\SYSFER.DLL
0x000007fefe550000 - 0x000007fefe62b000 	C:\windows\system32\ADVAPI32.dll
0x000007feff6b0000 - 0x000007feff74f000 	C:\windows\system32\msvcrt.dll
0x000007fefe120000 - 0x000007fefe13f000 	C:\windows\SYSTEM32\sechost.dll
0x000007fefe1b0000 - 0x000007fefe2dd000 	C:\windows\system32\RPCRT4.dll
0x00000000773c0000 - 0x00000000774ba000 	C:\windows\system32\USER32.dll
0x000007fefe140000 - 0x000007fefe1a7000 	C:\windows\system32\GDI32.dll
0x000007fefe630000 - 0x000007fefe63e000 	C:\windows\system32\LPK.dll
0x000007fefd7d0000 - 0x000007fefd89a000 	C:\windows\system32\USP10.dll
0x000007fefbfd0000 - 0x000007fefc1c4000 	C:\windows\WinSxS\amd64_microsoft.windows.common-controls_6595b64144ccf1df_6.0.7601.18837_none_fa3b1e3d17594757\COMCTL32.dll
0x000007feff750000 - 0x000007feff7c1000 	C:\windows\system32\SHLWAPI.dll
0x000007fefdc00000 - 0x000007fefdc2e000 	C:\windows\system32\IMM32.DLL
0x000007fefe2f0000 - 0x000007fefe3f9000 	C:\windows\system32\MSCTF.dll
0x0000000065650000 - 0x0000000065722000 	C:\Program Files\Android\Android Studio\jre\jre\bin\msvcr100.dll
0x00000000514e0000 - 0x0000000051d14000 	C:\Program Files\Android\Android Studio\jre\jre\bin\server\jvm.dll
0x000007fefb840000 - 0x000007fefb849000 	C:\windows\system32\WSOCK32.dll
0x000007fefe460000 - 0x000007fefe4ad000 	C:\windows\system32\WS2_32.dll
0x000007fefe2e0000 - 0x000007fefe2e8000 	C:\windows\system32\NSI.dll
0x000007fefb3f0000 - 0x000007fefb42b000 	C:\windows\system32\WINMM.dll
0x000007fefc510000 - 0x000007fefc51c000 	C:\windows\system32\VERSION.dll
0x0000000077690000 - 0x0000000077697000 	C:\windows\system32\PSAPI.DLL
0x000007fefaf80000 - 0x000007fefaf8f000 	C:\Program Files\Android\Android Studio\jre\jre\bin\verify.dll
0x000007fef8550000 - 0x000007fef8579000 	C:\Program Files\Android\Android Studio\jre\jre\bin\java.dll
0x000007fefaf60000 - 0x000007fefaf76000 	C:\Program Files\Android\Android Studio\jre\jre\bin\zip.dll

VM Arguments:
jvm_args: -Djava.awt.headless=true -Xmx1024M -Dfile.encoding=GBK -Duser.country=CN -Duser.language=zh -Duser.variant 
java_command: com.android.dx.command.Main --dex --force-jumbo --num-threads=4 --output C:\Users\wb-cuiweixing\Documents\print1\app\build\intermediates\pre-dexed\debug\leakcanary-watcher-1.3_a3b85a0c58a473fcda784eb2bbdd25ce4d8e3307.jar C:\Users\wb-cuiweixing\.gradle\caches\modules-2\files-2.1\com.squareup.leakcanary\leakcanary-watcher\1.3\632482a61ad24b7ec864072945d221369f9a606\leakcanary-watcher-1.3.jar
java_class_path (initial): D:\tools_az\sdk\sdk\build-tools\25.0.2\lib\dx.jar
Launcher Type: SUN_STANDARD

Environment Variables:
JAVA_HOME=C:\Program Files\Java\jdk1.8.0_60
PATH=C:\Program Files\Java\jdk1.8.0_60\bin;C:\Windows\System32;C:\Windows\System32\WindowsPowerShell;D:\tools_az\apache-maven-3.2.5\bin;D:\tools_az\sdk\sdk\tools;D:\tools_az\sdk\sdk\platform-tools;
USERNAME=wb-cuiweixing
OS=Windows_NT
PROCESSOR_IDENTIFIER=Intel64 Family 6 Model 60 Stepping 3, GenuineIntel



---------------  S Y S T E M  ---------------

OS: Windows 7 , 64 bit Build 7601 (6.1.7601.23569)

CPU:total 4 (4 cores per cpu, 1 threads per core) family 6 model 60 stepping 3, cmov, cx8, fxsr, mmx, sse, sse2, sse3, ssse3, sse4.1, sse4.2, popcnt, avx, avx2, aes, clmul, erms, rtm, lzcnt, tsc, tscinvbit, bmi1, bmi2

Memory: 4k page, physical 8334396k(760500k free), swap 8332536k(5260k free)

vm_info: OpenJDK 64-Bit Server VM (25.76-b03) for windows-amd64 JRE (1.8.0_76-release-b03), built on Jun 29 2016 19:09:20 by "ralucas" with MS VC++ 10.0 (VS2010)

time: Tue Mar 14 17:39:35 2017
elapsed time: 0 seconds (0d 0h 0m 0s)

