#
# There is insufficient memory for the Java Runtime Environment to continue.
# Native memory allocation (malloc) failed to allocate 33136 bytes for Chunk::new
# Possible reasons:
#   The system is out of physical RAM or swap space
#   In 32 bit mode, the process size limit was hit
# Possible solutions:
#   Reduce memory load on the system
#   Increase physical memory or swap space
#   Check if swap backing store is full
#   Use 64 bit Java on a 64 bit OS
#   Decrease Java heap size (-Xmx/-Xms)
#   Decrease number of Java threads
#   Decrease Java thread stack sizes (-Xss)
#   Set larger code cache with -XX:ReservedCodeCacheSize=
# This output file may be truncated or incomplete.
#
#  Out of Memory Error (allocation.cpp:390), pid=7060, tid=0x00000000000014a8
#
# JRE version: OpenJDK Runtime Environment (8.0_76-b03) (build 1.8.0_76-release-b03)
# Java VM: OpenJDK 64-Bit Server VM (25.76-b03 mixed mode windows-amd64 compressed oops)
# Failed to write core dump. Minidumps are not enabled by default on client versions of Windows
#

---------------  T H R E A D  ---------------

Current thread (0x000000001523a000):  JavaThread "C2 CompilerThread1" daemon [_thread_in_native, id=5288, stack(0x0000000016e20000,0x0000000016f20000)]

Stack: [0x0000000016e20000,0x0000000016f20000]
[error occurred during error reporting (printing stack bounds), id 0xc0000005]

Native frames: (J=compiled Java code, j=interpreted, Vv=VM code, C=native code)


Current CompileTask:
C2:   3900 1787       4       com.android.dx.rop.cst.CstString::hashCode (8 bytes)


---------------  P R O C E S S  ---------------

Java Threads: ( => current thread )
  0x00000000167ef800 JavaThread "pool-1-thread-4" [_thread_blocked, id=9764, stack(0x0000000017b90000,0x0000000017c90000)]
  0x000000001676a000 JavaThread "pool-1-thread-3" [_thread_blocked, id=1844, stack(0x0000000018170000,0x0000000018270000)]
  0x0000000016769800 JavaThread "pool-1-thread-2" [_thread_blocked, id=9448, stack(0x0000000018030000,0x0000000018130000)]
  0x0000000016768800 JavaThread "pool-2-thread-1" [_thread_blocked, id=9180, stack(0x0000000017e60000,0x0000000017f60000)]
  0x00000000168cf800 JavaThread "pool-1-thread-1" [_thread_blocked, id=8648, stack(0x0000000017ce0000,0x0000000017de0000)]
  0x0000000016575000 JavaThread "Service Thread" daemon [_thread_blocked, id=8104, stack(0x0000000016f70000,0x0000000017070000)]
  0x000000001523b000 JavaThread "C1 CompilerThread2" daemon [_thread_blocked, id=1744, stack(0x0000000017070000,0x0000000017170000)]
=>0x000000001523a000 JavaThread "C2 CompilerThread1" daemon [_thread_in_native, id=5288, stack(0x0000000016e20000,0x0000000016f20000)]
  0x00000000164dd000 JavaThread "C2 CompilerThread0" daemon [_thread_blocked, id=2328, stack(0x0000000016c40000,0x0000000016d40000)]
  0x00000000164da800 JavaThread "Attach Listener" daemon [_thread_blocked, id=9560, stack(0x0000000016a80000,0x0000000016b80000)]
  0x000000001522d800 JavaThread "Signal Dispatcher" daemon [_thread_blocked, id=8408, stack(0x0000000016960000,0x0000000016a60000)]
  0x0000000015217000 JavaThread "Finalizer" daemon [_thread_blocked, id=5820, stack(0x0000000016270000,0x0000000016370000)]
  0x00000000151cf800 JavaThread "Reference Handler" daemon [_thread_blocked, id=7800, stack(0x00000000163d0000,0x00000000164d0000)]
  0x000000000067f000 JavaThread "main" [_thread_blocked, id=9540, stack(0x00000000027c0000,0x00000000028c0000)]

Other Threads:
  0x00000000151c8000 VMThread [stack: 0x0000000016120000,0x0000000016220000] [id=8232]
  0x0000000016576000 WatcherThread [stack: 0x0000000017250000,0x0000000017350000] [id=8572]

VM state:not at safepoint (normal execution)

VM Mutex/Monitor currently owned by a thread: None

Heap:
 PSYoungGen      total 71680K, used 53088K [0x00000000eab00000, 0x00000000ef600000, 0x0000000100000000)
  eden space 66560K, 72% used [0x00000000eab00000,0x00000000ed9d8ab0,0x00000000eec00000)
  from space 5120K, 99% used [0x00000000ef100000,0x00000000ef5ff710,0x00000000ef600000)
  to   space 5120K, 0% used [0x00000000eec00000,0x00000000eec00000,0x00000000ef100000)
 ParOldGen       total 87552K, used 3619K [0x00000000c0000000, 0x00000000c5580000, 0x00000000eab00000)
  object space 87552K, 4% used [0x00000000c0000000,0x00000000c0388d48,0x00000000c5580000)
 Metaspace       used 6182K, capacity 7088K, committed 7296K, reserved 1056768K
  class space    used 579K, capacity 616K, committed 640K, reserved 1048576K

Card table byte_map: [0x0000000011c80000,0x0000000011e90000] byte_map_base: 0x0000000011680000

Marking Bits: (ParMarkBitMap*) 0x0000000051c99d00
 Begin Bits: [0x0000000012640000, 0x0000000013640000)
 End Bits:   [0x0000000013640000, 0x0000000014640000)

Polling page: 0x0000000000350000

CodeCache: size=245760Kb used=8041Kb max_used=8052Kb free=237718Kb
 bounds [0x00000000028c0000, 0x00000000030b0000, 0x00000000118c0000]
 total_blobs=2021 nmethods=1751 adapters=184
 compilation: enabled

Compilation events (10 events):
Event: 3.760 Thread 0x00000000164dd000 nmethod 1780 0x0000000003079810 code [0x0000000003079960, 0x0000000003079a78]
Event: 3.832 Thread 0x000000001523a000 1781       4       com.android.dx.cf.code.ByteBlockList::labelToBlock (46 bytes)
Event: 3.833 Thread 0x000000001523a000 nmethod 1781 0x000000000308eb90 code [0x000000000308ece0, 0x000000000308ee38]
Event: 3.861 Thread 0x000000001523b000 1782       3       java.util.concurrent.locks.AbstractQueuedSynchronizer::isOnSyncQueue (33 bytes)
Event: 3.861 Thread 0x000000001523b000 nmethod 1782 0x000000000308e550 code [0x000000000308e6c0, 0x000000000308ea50]
Event: 3.863 Thread 0x000000001523b000 1783       3       com.android.dx.cf.direct.AttributeFactory::parse0 (53 bytes)
Event: 3.863 Thread 0x000000001523b000 nmethod 1783 0x000000000308f350 code [0x000000000308f540, 0x000000000308fea8]
Event: 3.898 Thread 0x000000001523a000 1788 %     4       java.util.BitSet::cardinality @ 4 (32 bytes)
Event: 3.899 Thread 0x000000001523a000 nmethod 1788% 0x000000000308e190 code [0x000000000308e2e0, 0x000000000308e458]
Event: 3.899 Thread 0x000000001523a000 1787       4       com.android.dx.rop.cst.CstString::hashCode (8 bytes)

GC Heap History (4 events):
Event: 0.842 GC heap before
{Heap before GC invocations=1 (full 0):
 PSYoungGen      total 38400K, used 33280K [0x00000000eab00000, 0x00000000ed580000, 0x0000000100000000)
  eden space 33280K, 100% used [0x00000000eab00000,0x00000000ecb80000,0x00000000ecb80000)
  from space 5120K, 0% used [0x00000000ed080000,0x00000000ed080000,0x00000000ed580000)
  to   space 5120K, 0% used [0x00000000ecb80000,0x00000000ecb80000,0x00000000ed080000)
 ParOldGen       total 87552K, used 0K [0x00000000c0000000, 0x00000000c5580000, 0x00000000eab00000)
  object space 87552K, 0% used [0x00000000c0000000,0x00000000c0000000,0x00000000c5580000)
 Metaspace       used 5881K, capacity 6832K, committed 7040K, reserved 1056768K
  class space    used 574K, capacity 616K, committed 640K, reserved 1048576K
Event: 0.940 GC heap after
Heap after GC invocations=1 (full 0):
 PSYoungGen      total 38400K, used 5089K [0x00000000eab00000, 0x00000000ef600000, 0x0000000100000000)
  eden space 33280K, 0% used [0x00000000eab00000,0x00000000eab00000,0x00000000ecb80000)
  from space 5120K, 99% used [0x00000000ecb80000,0x00000000ed078768,0x00000000ed080000)
  to   space 5120K, 0% used [0x00000000ef100000,0x00000000ef100000,0x00000000ef600000)
 ParOldGen       total 87552K, used 491K [0x00000000c0000000, 0x00000000c5580000, 0x00000000eab00000)
  object space 87552K, 0% used [0x00000000c0000000,0x00000000c007add8,0x00000000c5580000)
 Metaspace       used 5881K, capacity 6832K, committed 7040K, reserved 1056768K
  class space    used 574K, capacity 616K, committed 640K, reserved 1048576K
}
Event: 1.664 GC heap before
{Heap before GC invocations=2 (full 0):
 PSYoungGen      total 38400K, used 38369K [0x00000000eab00000, 0x00000000ef600000, 0x0000000100000000)
  eden space 33280K, 100% used [0x00000000eab00000,0x00000000ecb80000,0x00000000ecb80000)
  from space 5120K, 99% used [0x00000000ecb80000,0x00000000ed078768,0x00000000ed080000)
  to   space 5120K, 0% used [0x00000000ef100000,0x00000000ef100000,0x00000000ef600000)
 ParOldGen       total 87552K, used 491K [0x00000000c0000000, 0x00000000c5580000, 0x00000000eab00000)
  object space 87552K, 0% used [0x00000000c0000000,0x00000000c007add8,0x00000000c5580000)
 Metaspace       used 6075K, capacity 7024K, committed 7296K, reserved 1056768K
  class space    used 578K, capacity 616K, committed 640K, reserved 1048576K
Event: 1.704 GC heap after
Heap after GC invocations=2 (full 0):
 PSYoungGen      total 71680K, used 5117K [0x00000000eab00000, 0x00000000ef600000, 0x0000000100000000)
  eden space 66560K, 0% used [0x00000000eab00000,0x00000000eab00000,0x00000000eec00000)
  from space 5120K, 99% used [0x00000000ef100000,0x00000000ef5ff710,0x00000000ef600000)
  to   space 5120K, 0% used [0x00000000eec00000,0x00000000eec00000,0x00000000ef100000)
 ParOldGen       total 87552K, used 3619K [0x00000000c0000000, 0x00000000c5580000, 0x00000000eab00000)
  object space 87552K, 4% used [0x00000000c0000000,0x00000000c0388d48,0x00000000c5580000)
 Metaspace       used 6075K, capacity 7024K, committed 7296K, reserved 1056768K
  class space    used 578K, capacity 616K, committed 640K, reserved 1048576K
}

Deoptimization events (10 events):
Event: 2.144 Thread 0x00000000167ef800 Uncommon trap: reason=bimorphic action=maybe_recompile pc=0x0000000002b31a40 method=java.util.HashMap.getNode(ILjava/lang/Object;)Ljava/util/HashMap$Node; @ 126
Event: 2.144 Thread 0x00000000167ef800 Uncommon trap: reason=class_check action=maybe_recompile pc=0x0000000002da1c6c method=java.util.HashMap.putVal(ILjava/lang/Object;Ljava/lang/Object;ZZ)Ljava/lang/Object; @ 203
Event: 2.144 Thread 0x00000000167ef800 Uncommon trap: reason=bimorphic action=maybe_recompile pc=0x0000000002d27bd8 method=java.util.HashMap.getNode(ILjava/lang/Object;)Ljava/util/HashMap$Node; @ 126
Event: 2.144 Thread 0x00000000167ef800 Uncommon trap: reason=bimorphic action=maybe_recompile pc=0x0000000002d27bd8 method=java.util.HashMap.getNode(ILjava/lang/Object;)Ljava/util/HashMap$Node; @ 126
Event: 2.144 Thread 0x00000000167ef800 Uncommon trap: reason=class_check action=maybe_recompile pc=0x0000000002da1c6c method=java.util.HashMap.putVal(ILjava/lang/Object;Ljava/lang/Object;ZZ)Ljava/lang/Object; @ 203
Event: 2.144 Thread 0x00000000167ef800 Uncommon trap: reason=bimorphic action=maybe_recompile pc=0x0000000002b31a40 method=java.util.HashMap.getNode(ILjava/lang/Object;)Ljava/util/HashMap$Node; @ 126
Event: 2.425 Thread 0x00000000168cf800 Uncommon trap: reason=unstable_if action=reinterpret pc=0x0000000002f14cbc method=com.android.dx.rop.code.RegisterSpecSet.put(Lcom/android/dx/rop/code/RegisterSpec;)V @ 77
Event: 2.631 Thread 0x000000001676a000 Uncommon trap: reason=null_check action=make_not_entrant pc=0x0000000002f495ec method=com.android.dx.ssa.SsaRenamer.getLocalForNewReg(I)Lcom/android/dx/rop/code/LocalItem; @ 19
Event: 2.758 Thread 0x0000000016769800 Uncommon trap: reason=unstable_if action=reinterpret pc=0x0000000002fa33f0 method=com.android.dx.cf.code.RopperMachine.run(Lcom/android/dx/cf/code/Frame;II)V @ 1250
Event: 3.548 Thread 0x0000000016769800 Uncommon trap: reason=unstable_if action=reinterpret pc=0x0000000002fdcb70 method=com.android.dx.util.BitIntSet.has(I)Z @ 8

Internal exceptions (3 events):
Event: 0.023 Thread 0x000000000067f000 Exception <a 'java/lang/NoSuchMethodError': Method sun.misc.Unsafe.defineClass(Ljava/lang/String;[BII)Ljava/lang/Class; name or signature does not match> (0x00000000eab07cc0) thrown at [C:\src\android\AOSP-openjdk\external\jetbrains\jdk\hotspot\src\share\vÙ«¾î/¯—?
Event: 0.023 Thread 0x000000000067f000 Exception <a 'java/lang/NoSuchMethodError': Method sun.misc.Unsafe.prefetchRead(Ljava/lang/Object;J)V name or signature does not match> (0x00000000eab07fa8) thrown at [C:\src\android\AOSP-openjdk\external\jetbrains\jdk\hotspot\src\share\vm\prims\jni.cpp, lP›ªõ@
Event: 2.631 Thread 0x000000001676a000 Implicit null exception at 0x0000000002f472a0 to 0x0000000002f495a1

Events (10 events):
Event: 2.631 Thread 0x000000001676a000 DEOPT PACKING pc=0x0000000002f495ec sp=0x000000001826e890
Event: 2.631 Thread 0x000000001676a000 DEOPT UNPACKING pc=0x000000000290556a sp=0x000000001826e5d8 mode 2
Event: 2.636 Thread 0x000000001676a000 DEOPT PACKING pc=0x0000000002cdb77d sp=0x000000001826e960
Event: 2.636 Thread 0x000000001676a000 DEOPT UNPACKING pc=0x00000000029075bf sp=0x000000001826e640 mode 0
Event: 2.758 Thread 0x0000000016769800 Uncommon trap: trap_request=0xffffff65 fr.pc=0x0000000002fa33f0
Event: 2.758 Thread 0x0000000016769800 DEOPT PACKING pc=0x0000000002fa33f0 sp=0x000000001812e150
Event: 2.758 Thread 0x0000000016769800 DEOPT UNPACKING pc=0x000000000290556a sp=0x000000001812e118 mode 2
Event: 3.548 Thread 0x0000000016769800 Uncommon trap: trap_request=0xffffff65 fr.pc=0x0000000002fdcb70
Event: 3.548 Thread 0x0000000016769800 DEOPT PACKING pc=0x0000000002fdcb70 sp=0x000000001812e4a0
Event: 3.548 Thread 0x0000000016769800 DEOPT UNPACKING pc=0x000000000290556a sp=0x000000001812e3d8 mode 2


Dynamic libraries:
0x000000013f4d0000 - 0x000000013f501000 	C:\Program Files\Android\Android Studio\jre\bin\java.exe
0x00000000774c0000 - 0x000000007766a000 	C:\windows\SYSTEM32\ntdll.dll
0x00000000772a0000 - 0x00000000773bf000 	C:\windows\system32\kernel32.dll
0x000007fefd700000 - 0x000007fefd76a000 	C:\windows\system32\KERNELBASE.dll
0x00000000750f0000 - 0x0000000075179000 	C:\windows\System32\SYSFER.DLL
0x000007fefe550000 - 0x000007fefe62b000 	C:\windows\system32\ADVAPI32.dll
0x000007feff6b0000 - 0x000007feff74f000 	C:\windows\system32\msvcrt.dll
0x000007fefe120000 - 0x000007fefe13f000 	C:\windows\SYSTEM32\sechost.dll
0x000007fefe1b0000 - 0x000007fefe2dd000 	C:\windows\system32\RPCRT4.dll
0x00000000773c0000 - 0x00000000774ba000 	C:\windows\system32\USER32.dll
0x000007fefe140000 - 0x000007fefe1a7000 	C:\windows\system32\GDI32.dll
0x000007fefe630000 - 0x000007fefe63e000 	C:\windows\system32\LPK.dll
0x000007fefd7d0000 - 0x000007fefd89a000 	C:\windows\system32\USP10.dll
0x000007fefbfd0000 - 0x000007fefc1c4000 	C:\windows\WinSxS\amd64_microsoft.windows.common-controls_6595b64144ccf1df_6.0.7601.18837_none_fa3b1e3d17594757\COMCTL32.dll
0x000007feff750000 - 0x000007feff7c1000 	C:\windows\system32\SHLWAPI.dll
0x000007fefdc00000 - 0x000007fefdc2e000 	C:\windows\system32\IMM32.DLL
0x000007fefe2f0000 - 0x000007fefe3f9000 	C:\windows\system32\MSCTF.dll
0x0000000056ff0000 - 0x00000000570c2000 	C:\Program Files\Android\Android Studio\jre\jre\bin\msvcr100.dll
0x00000000514e0000 - 0x0000000051d14000 	C:\Program Files\Android\Android Studio\jre\jre\bin\server\jvm.dll
0x000007fefaf80000 - 0x000007fefaf89000 	C:\windows\system32\WSOCK32.dll
0x000007fefe460000 - 0x000007fefe4ad000 	C:\windows\system32\WS2_32.dll
0x000007fefe2e0000 - 0x000007fefe2e8000 	C:\windows\system32\NSI.dll
0x000007fefb3f0000 - 0x000007fefb42b000 	C:\windows\system32\WINMM.dll
0x000007fefc510000 - 0x000007fefc51c000 	C:\windows\system32\VERSION.dll
0x0000000077690000 - 0x0000000077697000 	C:\windows\system32\PSAPI.DLL
0x000007fefb840000 - 0x000007fefb84f000 	C:\Program Files\Android\Android Studio\jre\jre\bin\verify.dll
0x000007fefaf50000 - 0x000007fefaf79000 	C:\Program Files\Android\Android Studio\jre\jre\bin\java.dll
0x000007fefac40000 - 0x000007fefac56000 	C:\Program Files\Android\Android Studio\jre\jre\bin\zip.dll
0x000007fefe920000 - 0x000007feff6a9000 	C:\windows\system32\SHELL32.dll
0x000007fefde90000 - 0x000007fefe093000 	C:\windows\system32\ole32.dll
0x000007fefd3c0000 - 0x000007fefd3cf000 	C:\windows\system32\profapi.dll

VM Arguments:
jvm_args: -Djava.awt.headless=true -Xmx1024M -Dfile.encoding=GBK -Duser.country=CN -Duser.language=zh -Duser.variant 
java_command: com.android.dx.command.Main --dex --force-jumbo --num-threads=4 --output C:\Users\wb-cuiweixing\Documents\print1\app\build\intermediates\pre-dexed\debug\support-v4-19.1.0_d3d8756ffb2b5d75248d09e0da26960618a2f7d8.jar D:\tools_az\sdk\sdk\extras\android\m2repository\com\android\support\support-v4\19.1.0\support-v4-19.1.0.jar
java_class_path (initial): D:\tools_az\sdk\sdk\build-tools\25.0.2\lib\dx.jar
Launcher Type: SUN_STANDARD

Environment Variables:
JAVA_HOME=C:\Program Files\Java\jdk1.8.0_60
PATH=C:\Program Files\Java\jdk1.8.0_60\bin;C:\Windows\System32;C:\Windows\System32\WindowsPowerShell;D:\tools_az\apache-maven-3.2.5\bin;D:\tools_az\sdk\sdk\tools;D:\tools_az\sdk\sdk\platform-tools;
USERNAME=wb-cuiweixing
OS=Windows_NT
PROCESSOR_IDENTIFIER=Intel64 Family 6 Model 60 Stepping 3, GenuineIntel



---------------  S Y S T E M  ---------------

OS: Windows 7 , 64 bit Build 7601 (6.1.7601.23569)

CPU:total 4 (4 cores per cpu, 1 threads per core) family 6 model 60 stepping 3, cmov, cx8, fxsr, mmx, sse, sse2, sse3, ssse3, sse4.1, sse4.2, popcnt, avx, avx2, aes, clmul, erms, rtm, lzcnt, tsc, tscinvbit, bmi1, bmi2

Memory: 4k page, physical 8334396k(844792k free), swap 8332536k(5060k free)

vm_info: OpenJDK 64-Bit Server VM (25.76-b03) for windows-amd64 JRE (1.8.0_76-release-b03), built on Jun 29 2016 19:09:20 by "ralucas" with MS VC++ 10.0 (VS2010)

time: Tue Mar 14 17:38:06 2017
elapsed time: 3 seconds (0d 0h 0m 3s)

