#
# There is insufficient memory for the Java Runtime Environment to continue.
# Native memory allocation (malloc) failed to allocate 460976 bytes for Chunk::new
# Possible reasons:
#   The system is out of physical RAM or swap space
#   In 32 bit mode, the process size limit was hit
# Possible solutions:
#   Reduce memory load on the system
#   Increase physical memory or swap space
#   Check if swap backing store is full
#   Use 64 bit Java on a 64 bit OS
#   Decrease Java heap size (-Xmx/-Xms)
#   Decrease number of Java threads
#   Decrease Java thread stack sizes (-Xss)
#   Set larger code cache with -XX:ReservedCodeCacheSize=
# This output file may be truncated or incomplete.
#
#  Out of Memory Error (allocation.cpp:390), pid=1772, tid=0x0000000000002618
#
# JRE version: OpenJDK Runtime Environment (8.0_76-b03) (build 1.8.0_76-release-b03)
# Java VM: OpenJDK 64-Bit Server VM (25.76-b03 mixed mode windows-amd64 compressed oops)
# Failed to write core dump. Minidumps are not enabled by default on client versions of Windows
#

---------------  T H R E A D  ---------------

Current thread (0x000000001669b000):  JavaThread "C2 CompilerThread0" daemon [_thread_in_native, id=9752, stack(0x0000000016e50000,0x0000000016f50000)]

Stack: [0x0000000016e50000,0x0000000016f50000]
[error occurred during error reporting (printing stack bounds), id 0xc0000005]

Native frames: (J=compiled Java code, j=interpreted, Vv=VM code, C=native code)


Current CompileTask:
C2:   2303 1148       4       com.android.dx.ssa.SsaRenamer$BlockRenamer::process (191 bytes)


---------------  P R O C E S S  ---------------

Java Threads: ( => current thread )
  0x0000000016873000 JavaThread "pool-1-thread-4" [_thread_blocked, id=9892, stack(0x0000000016d50000,0x0000000016e50000)]
  0x000000001686a000 JavaThread "pool-1-thread-3" [_thread_in_vm, id=10160, stack(0x0000000017a70000,0x0000000017b70000)]
  0x0000000016865800 JavaThread "pool-1-thread-2" [_thread_blocked, id=10120, stack(0x0000000017970000,0x0000000017a70000)]
  0x0000000016862800 JavaThread "pool-2-thread-1" [_thread_blocked, id=6308, stack(0x0000000017730000,0x0000000017830000)]
  0x0000000016848800 JavaThread "pool-1-thread-1" [_thread_blocked, id=9080, stack(0x00000000175e0000,0x00000000176e0000)]
  0x00000000166a6000 JavaThread "Service Thread" daemon [_thread_blocked, id=7060, stack(0x0000000017270000,0x0000000017370000)]
  0x000000001527d800 JavaThread "C1 CompilerThread2" daemon [_thread_blocked, id=5036, stack(0x0000000016310000,0x0000000016410000)]
  0x000000001527c800 JavaThread "C2 CompilerThread1" daemon [_thread_in_native, id=9464, stack(0x0000000017070000,0x0000000017170000)]
=>0x000000001669b000 JavaThread "C2 CompilerThread0" daemon [_thread_in_native, id=9752, stack(0x0000000016e50000,0x0000000016f50000)]
  0x000000001668c800 JavaThread "Attach Listener" daemon [_thread_blocked, id=9328, stack(0x0000000016ac0000,0x0000000016bc0000)]
  0x000000001526d800 JavaThread "Signal Dispatcher" daemon [_thread_blocked, id=1744, stack(0x0000000016c50000,0x0000000016d50000)]
  0x0000000015251000 JavaThread "Finalizer" daemon [_thread_blocked, id=2708, stack(0x0000000016580000,0x0000000016680000)]
  0x000000001520f800 JavaThread "Reference Handler" daemon [_thread_blocked, id=3460, stack(0x0000000016410000,0x0000000016510000)]
  0x000000000271f000 JavaThread "main" [_thread_blocked, id=9472, stack(0x00000000027c0000,0x00000000028c0000)]

Other Threads:
  0x0000000015208000 VMThread [stack: 0x0000000016200000,0x0000000016300000] [id=3304]
  0x00000000166a7800 WatcherThread [stack: 0x0000000017440000,0x0000000017540000] [id=2320]

VM state:not at safepoint (normal execution)

VM Mutex/Monitor currently owned by a thread: None

Heap:
 PSYoungGen      total 38400K, used 18659K [0x00000000eab00000, 0x00000000ed580000, 0x0000000100000000)
  eden space 33280K, 40% used [0x00000000eab00000,0x00000000eb839488,0x00000000ecb80000)
  from space 5120K, 99% used [0x00000000ecb80000,0x00000000ed07fad0,0x00000000ed080000)
  to   space 5120K, 0% used [0x00000000ed080000,0x00000000ed080000,0x00000000ed580000)
 ParOldGen       total 87552K, used 959K [0x00000000c0000000, 0x00000000c5580000, 0x00000000eab00000)
  object space 87552K, 1% used [0x00000000c0000000,0x00000000c00efc70,0x00000000c5580000)
 Metaspace       used 5919K, capacity 6896K, committed 7040K, reserved 1056768K
  class space    used 576K, capacity 616K, committed 640K, reserved 1048576K

Card table byte_map: [0x0000000011d10000,0x0000000011f20000] byte_map_base: 0x0000000011710000

Marking Bits: (ParMarkBitMap*) 0x0000000051c99d00
 Begin Bits: [0x0000000012680000, 0x0000000013680000)
 End Bits:   [0x0000000013680000, 0x0000000014680000)

Polling page: 0x0000000000450000

CodeCache: size=245760Kb used=4169Kb max_used=4174Kb free=241590Kb
 bounds [0x0000000002950000, 0x0000000002d70000, 0x0000000011950000]
 total_blobs=1423 nmethods=1153 adapters=184
 compilation: enabled

Compilation events (10 events):
Event: 2.280 Thread 0x000000001527c800 nmethod 1111% 0x0000000002d5e790 code [0x0000000002d5e8e0, 0x0000000002d5eb78]
Event: 2.280 Thread 0x000000001527c800 1099       4       com.android.dx.ssa.PhiInsn::getSources (95 bytes)
Event: 2.284 Thread 0x000000001527c800 nmethod 1099 0x0000000002d66c90 code [0x0000000002d66e00, 0x0000000002d671f8]
Event: 2.284 Thread 0x000000001527c800 1128       4       com.android.dx.ssa.LocalVariableExtractor::processBlock (383 bytes)
Event: 2.300 Thread 0x000000001527d800 1165   !   2       java.lang.ref.Reference::tryHandlePending (115 bytes)
Event: 2.300 Thread 0x000000001527d800 nmethod 1165 0x0000000002d66010 code [0x0000000002d66200, 0x0000000002d66848]
Event: 2.300 Thread 0x000000001527d800 1167   !   2       java.lang.ref.ReferenceQueue::enqueue (119 bytes)
Event: 2.300 Thread 0x000000001527d800 nmethod 1167 0x0000000002d5bcd0 code [0x0000000002d5be40, 0x0000000002d5c2e8]
Event: 2.300 Thread 0x000000001527d800 1168       2       sun.misc.VM::addFinalRefCount (24 bytes)
Event: 2.301 Thread 0x000000001527d800 nmethod 1168 0x0000000002d65cd0 code [0x0000000002d65e20, 0x0000000002d65f90]

GC Heap History (2 events):
Event: 1.815 GC heap before
{Heap before GC invocations=1 (full 0):
 PSYoungGen      total 38400K, used 33280K [0x00000000eab00000, 0x00000000ed580000, 0x0000000100000000)
  eden space 33280K, 100% used [0x00000000eab00000,0x00000000ecb80000,0x00000000ecb80000)
  from space 5120K, 0% used [0x00000000ed080000,0x00000000ed080000,0x00000000ed580000)
  to   space 5120K, 0% used [0x00000000ecb80000,0x00000000ecb80000,0x00000000ed080000)
 ParOldGen       total 87552K, used 0K [0x00000000c0000000, 0x00000000c5580000, 0x00000000eab00000)
  object space 87552K, 0% used [0x00000000c0000000,0x00000000c0000000,0x00000000c5580000)
 Metaspace       used 5695K, capacity 6704K, committed 6784K, reserved 1056768K
  class space    used 574K, capacity 616K, committed 640K, reserved 1048576K
Event: 2.031 GC heap after
Heap after GC invocations=1 (full 0):
 PSYoungGen      total 38400K, used 5118K [0x00000000eab00000, 0x00000000ed580000, 0x0000000100000000)
  eden space 33280K, 0% used [0x00000000eab00000,0x00000000eab00000,0x00000000ecb80000)
  from space 5120K, 99% used [0x00000000ecb80000,0x00000000ed07fad0,0x00000000ed080000)
  to   space 5120K, 0% used [0x00000000ed080000,0x00000000ed080000,0x00000000ed580000)
 ParOldGen       total 87552K, used 959K [0x00000000c0000000, 0x00000000c5580000, 0x00000000eab00000)
  object space 87552K, 1% used [0x00000000c0000000,0x00000000c00efc70,0x00000000c5580000)
 Metaspace       used 5695K, capacity 6704K, committed 6784K, reserved 1056768K
  class space    used 574K, capacity 616K, committed 640K, reserved 1048576K
}

Deoptimization events (6 events):
Event: 1.278 Thread 0x000000001686a000 Uncommon trap: reason=class_check action=maybe_recompile pc=0x0000000002b96160 method=com.android.dx.ssa.NormalSsaInsn.accept(Lcom/android/dx/ssa/SsaInsn$Visitor;)V @ 9
Event: 1.278 Thread 0x000000001686a000 Uncommon trap: reason=class_check action=maybe_recompile pc=0x0000000002b96160 method=com.android.dx.ssa.NormalSsaInsn.accept(Lcom/android/dx/ssa/SsaInsn$Visitor;)V @ 9
Event: 1.278 Thread 0x000000001686a000 Uncommon trap: reason=class_check action=maybe_recompile pc=0x0000000002b96160 method=com.android.dx.ssa.NormalSsaInsn.accept(Lcom/android/dx/ssa/SsaInsn$Visitor;)V @ 9
Event: 1.278 Thread 0x000000001686a000 Uncommon trap: reason=class_check action=maybe_recompile pc=0x0000000002b96160 method=com.android.dx.ssa.NormalSsaInsn.accept(Lcom/android/dx/ssa/SsaInsn$Visitor;)V @ 9
Event: 1.673 Thread 0x000000001686a000 Uncommon trap: reason=bimorphic action=maybe_recompile pc=0x0000000002b38ad0 method=java.util.HashMap.getNode(ILjava/lang/Object;)Ljava/util/HashMap$Node; @ 126
Event: 2.208 Thread 0x000000000271f000 Uncommon trap: reason=unstable_if action=reinterpret pc=0x0000000002c6142c method=com.android.dx.rop.code.RegisterSpec.equals(ILcom/android/dx/rop/type/TypeBearer;Lcom/android/dx/rop/code/LocalItem;)Z @ 42

Internal exceptions (2 events):
Event: 0.566 Thread 0x000000000271f000 Exception <a 'java/lang/NoSuchMethodError': Method sun.misc.Unsafe.defineClass(Ljava/lang/String;[BII)Ljava/lang/Class; name or signature does not match> (0x00000000eab07cc0) thrown at [C:\src\android\AOSP-openjdk\external\jetbrains\jdk\hotspot\src\share\v›ø{‚?
Event: 0.566 Thread 0x000000000271f000 Exception <a 'java/lang/NoSuchMethodError': Method sun.misc.Unsafe.prefetchRead(Ljava/lang/Object;J)V name or signature does not match> (0x00000000eab07fa8) thrown at [C:\src\android\AOSP-openjdk\external\jetbrains\jdk\hotspot\src\share\vm\prims\jni.cpp, l

Events (10 events):
Event: 2.241 Thread 0x000000000271f000 DEOPT PACKING pc=0x0000000002c521b8 sp=0x00000000028be690
Event: 2.241 Thread 0x000000000271f000 DEOPT UNPACKING pc=0x00000000029975bf sp=0x00000000028be4b8 mode 0
Event: 2.253 Thread 0x000000000271f000 DEOPT PACKING pc=0x0000000002c6a705 sp=0x00000000028be850
Event: 2.253 Thread 0x000000000271f000 DEOPT UNPACKING pc=0x00000000029975bf sp=0x00000000028be5e8 mode 0
Event: 2.257 Thread 0x000000000271f000 DEOPT PACKING pc=0x0000000002c4942a sp=0x00000000028be670
Event: 2.257 Thread 0x000000000271f000 DEOPT UNPACKING pc=0x00000000029975bf sp=0x00000000028be408 mode 0
Event: 2.265 Thread 0x000000000271f000 DEOPT PACKING pc=0x0000000002c751b0 sp=0x00000000028be630
Event: 2.265 Thread 0x000000000271f000 DEOPT UNPACKING pc=0x00000000029975bf sp=0x00000000028be368 mode 0
Event: 2.265 Thread 0x000000000271f000 DEOPT PACKING pc=0x0000000002bec730 sp=0x00000000028be570
Event: 2.265 Thread 0x000000000271f000 DEOPT UNPACKING pc=0x00000000029975bf sp=0x00000000028be280 mode 0


Dynamic libraries:
0x000000013fc90000 - 0x000000013fcc1000 	C:\Program Files\Android\Android Studio\jre\bin\java.exe
0x00000000774c0000 - 0x000000007766a000 	C:\windows\SYSTEM32\ntdll.dll
0x00000000772a0000 - 0x00000000773bf000 	C:\windows\system32\kernel32.dll
0x000007fefd700000 - 0x000007fefd76a000 	C:\windows\system32\KERNELBASE.dll
0x00000000750f0000 - 0x0000000075179000 	C:\windows\System32\SYSFER.DLL
0x000007fefe550000 - 0x000007fefe62b000 	C:\windows\system32\ADVAPI32.dll
0x000007feff6b0000 - 0x000007feff74f000 	C:\windows\system32\msvcrt.dll
0x000007fefe120000 - 0x000007fefe13f000 	C:\windows\SYSTEM32\sechost.dll
0x000007fefe1b0000 - 0x000007fefe2dd000 	C:\windows\system32\RPCRT4.dll
0x00000000773c0000 - 0x00000000774ba000 	C:\windows\system32\USER32.dll
0x000007fefe140000 - 0x000007fefe1a7000 	C:\windows\system32\GDI32.dll
0x000007fefe630000 - 0x000007fefe63e000 	C:\windows\system32\LPK.dll
0x000007fefd7d0000 - 0x000007fefd89a000 	C:\windows\system32\USP10.dll
0x000007fefbfd0000 - 0x000007fefc1c4000 	C:\windows\WinSxS\amd64_microsoft.windows.common-controls_6595b64144ccf1df_6.0.7601.18837_none_fa3b1e3d17594757\COMCTL32.dll
0x000007feff750000 - 0x000007feff7c1000 	C:\windows\system32\SHLWAPI.dll
0x000007fefdc00000 - 0x000007fefdc2e000 	C:\windows\system32\IMM32.DLL
0x000007fefe2f0000 - 0x000007fefe3f9000 	C:\windows\system32\MSCTF.dll
0x0000000063b70000 - 0x0000000063c42000 	C:\Program Files\Android\Android Studio\jre\jre\bin\msvcr100.dll
0x00000000514e0000 - 0x0000000051d14000 	C:\Program Files\Android\Android Studio\jre\jre\bin\server\jvm.dll
0x000007fefaf80000 - 0x000007fefaf89000 	C:\windows\system32\WSOCK32.dll
0x000007fefe460000 - 0x000007fefe4ad000 	C:\windows\system32\WS2_32.dll
0x000007fefe2e0000 - 0x000007fefe2e8000 	C:\windows\system32\NSI.dll
0x000007fefb3f0000 - 0x000007fefb42b000 	C:\windows\system32\WINMM.dll
0x000007fefc510000 - 0x000007fefc51c000 	C:\windows\system32\VERSION.dll
0x0000000077690000 - 0x0000000077697000 	C:\windows\system32\PSAPI.DLL
0x000007fefb840000 - 0x000007fefb84f000 	C:\Program Files\Android\Android Studio\jre\jre\bin\verify.dll
0x000007fefaf50000 - 0x000007fefaf79000 	C:\Program Files\Android\Android Studio\jre\jre\bin\java.dll
0x000007fefac40000 - 0x000007fefac56000 	C:\Program Files\Android\Android Studio\jre\jre\bin\zip.dll
0x000007fefe920000 - 0x000007feff6a9000 	C:\windows\system32\SHELL32.dll
0x000007fefde90000 - 0x000007fefe093000 	C:\windows\system32\ole32.dll
0x000007fefd3c0000 - 0x000007fefd3cf000 	C:\windows\system32\profapi.dll

VM Arguments:
jvm_args: -Djava.awt.headless=true -Xmx1024M -Dfile.encoding=GBK -Duser.country=CN -Duser.language=zh -Duser.variant 
java_command: com.android.dx.command.Main --dex --force-jumbo --num-threads=4 --output C:\Users\wb-cuiweixing\Documents\print1\app\build\intermediates\pre-dexed\debug\instant-run_ac4b5a76c2e5de57eb58207fc63a1b3c1a46d71b.jar C:\Users\wb-cuiweixing\Documents\print1\app\build\intermediates\incremental-runtime-classes\debug\instant-run.jar
java_class_path (initial): D:\tools_az\sdk\sdk\build-tools\25.0.2\lib\dx.jar
Launcher Type: SUN_STANDARD

Environment Variables:
JAVA_HOME=C:\Program Files\Java\jdk1.8.0_60
PATH=C:\Program Files\Java\jdk1.8.0_60\bin;C:\Windows\System32;C:\Windows\System32\WindowsPowerShell;D:\tools_az\apache-maven-3.2.5\bin;D:\tools_az\sdk\sdk\tools;D:\tools_az\sdk\sdk\platform-tools;
USERNAME=wb-cuiweixing
OS=Windows_NT
PROCESSOR_IDENTIFIER=Intel64 Family 6 Model 60 Stepping 3, GenuineIntel



---------------  S Y S T E M  ---------------

OS: Windows 7 , 64 bit Build 7601 (6.1.7601.23569)

CPU:total 4 (4 cores per cpu, 1 threads per core) family 6 model 60 stepping 3, cmov, cx8, fxsr, mmx, sse, sse2, sse3, ssse3, sse4.1, sse4.2, popcnt, avx, avx2, aes, clmul, erms, rtm, lzcnt, tsc, tscinvbit, bmi1, bmi2

Memory: 4k page, physical 8334396k(581052k free), swap 8332536k(5084k free)

vm_info: OpenJDK 64-Bit Server VM (25.76-b03) for windows-amd64 JRE (1.8.0_76-release-b03), built on Jun 29 2016 19:09:20 by "ralucas" with MS VC++ 10.0 (VS2010)

time: Tue Mar 14 16:40:51 2017
elapsed time: 2 seconds (0d 0h 0m 2s)

