#
# There is insufficient memory for the Java Runtime Environment to continue.
# Native memory allocation (malloc) failed to allocate 296976 bytes for Chunk::new
# Possible reasons:
#   The system is out of physical RAM or swap space
#   In 32 bit mode, the process size limit was hit
# Possible solutions:
#   Reduce memory load on the system
#   Increase physical memory or swap space
#   Check if swap backing store is full
#   Use 64 bit Java on a 64 bit OS
#   Decrease Java heap size (-Xmx/-Xms)
#   Decrease number of Java threads
#   Decrease Java thread stack sizes (-Xss)
#   Set larger code cache with -XX:ReservedCodeCacheSize=
# This output file may be truncated or incomplete.
#
#  Out of Memory Error (allocation.cpp:390), pid=7640, tid=0x00000000000026ac
#
# JRE version: OpenJDK Runtime Environment (8.0_76-b03) (build 1.8.0_76-release-b03)
# Java VM: OpenJDK 64-Bit Server VM (25.76-b03 mixed mode windows-amd64 compressed oops)
# Failed to write core dump. Minidumps are not enabled by default on client versions of Windows
#

---------------  T H R E A D  ---------------

Current thread (0x00000000168f6000):  JavaThread "C2 CompilerThread1" daemon [_thread_in_native, id=9900, stack(0x0000000017060000,0x0000000017160000)]

Stack: [0x0000000017060000,0x0000000017160000]
[error occurred during error reporting (printing stack bounds), id 0xc0000005]

Native frames: (J=compiled Java code, j=interpreted, Vv=VM code, C=native code)


Current CompileTask:
C2:   3861 1699 %     4       com.android.dx.ssa.Dominators::run @ 137 (506 bytes)


---------------  P R O C E S S  ---------------

Java Threads: ( => current thread )
  0x0000000016b8d800 JavaThread "pool-1-thread-4" [_thread_blocked, id=4396, stack(0x0000000018180000,0x0000000018280000)]
  0x0000000016b8a800 JavaThread "pool-1-thread-3" [_thread_blocked, id=8420, stack(0x0000000016470000,0x0000000016570000)]
  0x0000000016b8a000 JavaThread "pool-1-thread-2" [_thread_blocked, id=7452, stack(0x0000000017fc0000,0x00000000180c0000)]
  0x0000000016b99000 JavaThread "pool-2-thread-1" [_thread_blocked, id=8208, stack(0x0000000016df0000,0x0000000016ef0000)]
  0x0000000016b98800 JavaThread "pool-1-thread-1" [_thread_blocked, id=9376, stack(0x0000000017390000,0x0000000017490000)]
  0x0000000016906800 JavaThread "Service Thread" daemon [_thread_blocked, id=3772, stack(0x0000000017490000,0x0000000017590000)]
  0x00000000168f7800 JavaThread "C1 CompilerThread2" daemon [_thread_blocked, id=7756, stack(0x0000000017290000,0x0000000017390000)]
=>0x00000000168f6000 JavaThread "C2 CompilerThread1" daemon [_thread_in_native, id=9900, stack(0x0000000017060000,0x0000000017160000)]
  0x00000000168eb000 JavaThread "C2 CompilerThread0" daemon [_thread_blocked, id=7784, stack(0x0000000016f50000,0x0000000017050000)]
  0x00000000168e9000 JavaThread "Attach Listener" daemon [_thread_blocked, id=9516, stack(0x00000000166d0000,0x00000000167d0000)]
  0x000000001552f800 JavaThread "Signal Dispatcher" daemon [_thread_blocked, id=10112, stack(0x0000000016cf0000,0x0000000016df0000)]
  0x0000000015519000 JavaThread "Finalizer" daemon [_thread_blocked, id=9996, stack(0x00000000167e0000,0x00000000168e0000)]
  0x00000000154cf800 JavaThread "Reference Handler" daemon [_thread_blocked, id=9496, stack(0x0000000016570000,0x0000000016670000)]
  0x000000000029f000 JavaThread "main" [_thread_blocked, id=8452, stack(0x0000000002a80000,0x0000000002b80000)]

Other Threads:
  0x00000000154c8000 VMThread [stack: 0x0000000016370000,0x0000000016470000] [id=10100]
  0x0000000016908800 WatcherThread [stack: 0x00000000175c0000,0x00000000176c0000] [id=6524]

VM state:not at safepoint (normal execution)

VM Mutex/Monitor currently owned by a thread: None

Heap:
 PSYoungGen      total 71680K, used 38717K [0x00000000eab00000, 0x00000000ef600000, 0x0000000100000000)
  eden space 66560K, 50% used [0x00000000eab00000,0x00000000ecbd4db0,0x00000000eec00000)
  from space 5120K, 99% used [0x00000000ef100000,0x00000000ef5fa808,0x00000000ef600000)
  to   space 5120K, 0% used [0x00000000eec00000,0x00000000eec00000,0x00000000ef100000)
 ParOldGen       total 87552K, used 3543K [0x00000000c0000000, 0x00000000c5580000, 0x00000000eab00000)
  object space 87552K, 4% used [0x00000000c0000000,0x00000000c0375c40,0x00000000c5580000)
 Metaspace       used 6168K, capacity 7088K, committed 7296K, reserved 1056768K
  class space    used 579K, capacity 616K, committed 640K, reserved 1048576K

Card table byte_map: [0x0000000011f40000,0x0000000012150000] byte_map_base: 0x0000000011940000

Marking Bits: (ParMarkBitMap*) 0x0000000051c99d00
 Begin Bits: [0x0000000012940000, 0x0000000013940000)
 End Bits:   [0x0000000013940000, 0x0000000014940000)

Polling page: 0x0000000000250000

CodeCache: size=245760Kb used=7748Kb max_used=7783Kb free=238011Kb
 bounds [0x0000000002b80000, 0x0000000003330000, 0x0000000011b80000]
 total_blobs=1943 nmethods=1673 adapters=184
 compilation: enabled

Compilation events (10 events):
Event: 3.734 Thread 0x00000000168eb000 nmethod 1692 0x00000000032d7cd0 code [0x00000000032d7e40, 0x00000000032d8068]
Event: 3.745 Thread 0x00000000168f6000 1694       4       com.android.dx.cf.iface.StdMethodList::get (9 bytes)
Event: 3.746 Thread 0x00000000168f6000 nmethod 1694 0x0000000003293b90 code [0x0000000003293ce0, 0x0000000003293d98]
Event: 3.747 Thread 0x00000000168eb000 1696   !   4       com.android.dx.rop.code.RegisterSpecSet::put (104 bytes)
Event: 3.747 Thread 0x00000000168f6000 1695       4       com.android.dx.rop.code.AccessFlags::isPrivate (12 bytes)
Event: 3.747 Thread 0x00000000168f6000 nmethod 1695 0x00000000030c3e90 code [0x00000000030c3fc0, 0x00000000030c4018]
Event: 3.748 Thread 0x00000000168eb000 nmethod 1696 0x00000000032eff50 code [0x00000000032f00c0, 0x00000000032f02f8]
Event: 3.785 Thread 0x00000000168f7800 1697       3       java.util.concurrent.locks.AbstractQueuedSynchronizer$Node::predecessor (19 bytes)
Event: 3.786 Thread 0x00000000168f7800 nmethod 1697 0x00000000032dbb50 code [0x00000000032dbcc0, 0x00000000032dbf08]
Event: 3.855 Thread 0x00000000168f6000 1699 %     4       com.android.dx.ssa.Dominators::run @ 137 (506 bytes)

GC Heap History (4 events):
Event: 0.920 GC heap before
{Heap before GC invocations=1 (full 0):
 PSYoungGen      total 38400K, used 33280K [0x00000000eab00000, 0x00000000ed580000, 0x0000000100000000)
  eden space 33280K, 100% used [0x00000000eab00000,0x00000000ecb80000,0x00000000ecb80000)
  from space 5120K, 0% used [0x00000000ed080000,0x00000000ed080000,0x00000000ed580000)
  to   space 5120K, 0% used [0x00000000ecb80000,0x00000000ecb80000,0x00000000ed080000)
 ParOldGen       total 87552K, used 0K [0x00000000c0000000, 0x00000000c5580000, 0x00000000eab00000)
  object space 87552K, 0% used [0x00000000c0000000,0x00000000c0000000,0x00000000c5580000)
 Metaspace       used 5898K, capacity 6832K, committed 7040K, reserved 1056768K
  class space    used 573K, capacity 616K, committed 640K, reserved 1048576K
Event: 0.933 GC heap after
Heap after GC invocations=1 (full 0):
 PSYoungGen      total 38400K, used 5109K [0x00000000eab00000, 0x00000000ef600000, 0x0000000100000000)
  eden space 33280K, 0% used [0x00000000eab00000,0x00000000eab00000,0x00000000ecb80000)
  from space 5120K, 99% used [0x00000000ecb80000,0x00000000ed07d6c0,0x00000000ed080000)
  to   space 5120K, 0% used [0x00000000ef100000,0x00000000ef100000,0x00000000ef600000)
 ParOldGen       total 87552K, used 256K [0x00000000c0000000, 0x00000000c5580000, 0x00000000eab00000)
  object space 87552K, 0% used [0x00000000c0000000,0x00000000c00402c8,0x00000000c5580000)
 Metaspace       used 5898K, capacity 6832K, committed 7040K, reserved 1056768K
  class space    used 573K, capacity 616K, committed 640K, reserved 1048576K
}
Event: 2.106 GC heap before
{Heap before GC invocations=2 (full 0):
 PSYoungGen      total 38400K, used 38389K [0x00000000eab00000, 0x00000000ef600000, 0x0000000100000000)
  eden space 33280K, 100% used [0x00000000eab00000,0x00000000ecb80000,0x00000000ecb80000)
  from space 5120K, 99% used [0x00000000ecb80000,0x00000000ed07d6c0,0x00000000ed080000)
  to   space 5120K, 0% used [0x00000000ef100000,0x00000000ef100000,0x00000000ef600000)
 ParOldGen       total 87552K, used 256K [0x00000000c0000000, 0x00000000c5580000, 0x00000000eab00000)
  object space 87552K, 0% used [0x00000000c0000000,0x00000000c00402c8,0x00000000c5580000)
 Metaspace       used 6085K, capacity 7024K, committed 7296K, reserved 1056768K
  class space    used 578K, capacity 616K, committed 640K, reserved 1048576K
Event: 2.158 GC heap after
Heap after GC invocations=2 (full 0):
 PSYoungGen      total 71680K, used 5098K [0x00000000eab00000, 0x00000000ef600000, 0x0000000100000000)
  eden space 66560K, 0% used [0x00000000eab00000,0x00000000eab00000,0x00000000eec00000)
  from space 5120K, 99% used [0x00000000ef100000,0x00000000ef5fa808,0x00000000ef600000)
  to   space 5120K, 0% used [0x00000000eec00000,0x00000000eec00000,0x00000000ef100000)
 ParOldGen       total 87552K, used 3543K [0x00000000c0000000, 0x00000000c5580000, 0x00000000eab00000)
  object space 87552K, 4% used [0x00000000c0000000,0x00000000c0375c40,0x00000000c5580000)
 Metaspace       used 6085K, capacity 7024K, committed 7296K, reserved 1056768K
  class space    used 578K, capacity 616K, committed 640K, reserved 1048576K
}

Deoptimization events (10 events):
Event: 2.779 Thread 0x0000000016b98800 Uncommon trap: reason=class_check action=maybe_recompile pc=0x0000000003023070 method=java.util.HashMap.putVal(ILjava/lang/Object;Ljava/lang/Object;ZZ)Ljava/lang/Object; @ 203
Event: 2.779 Thread 0x0000000016b98800 Uncommon trap: reason=bimorphic action=maybe_recompile pc=0x000000000301b614 method=java.util.HashMap.getNode(ILjava/lang/Object;)Ljava/util/HashMap$Node; @ 126
Event: 2.784 Thread 0x0000000016b98800 Uncommon trap: reason=unstable_if action=reinterpret pc=0x00000000031b0420 method=com.android.dx.ssa.SsaRenamer$BlockRenamer.visitMoveInsn(Lcom/android/dx/ssa/NormalSsaInsn;)V @ 104
Event: 2.792 Thread 0x0000000016b8a800 Uncommon trap: reason=unstable_if action=reinterpret pc=0x0000000002ffd46c method=com.android.dx.util.IntList.binarysearch(I)I @ 105
Event: 2.792 Thread 0x0000000016b8a800 Uncommon trap: reason=unstable_if action=reinterpret pc=0x000000000317631c method=com.android.dx.ssa.SsaBasicBlock.newFromRop(Lcom/android/dx/rop/code/RopMethod;ILcom/android/dx/ssa/SsaMethod;)Lcom/android/dx/ssa/SsaBasicBlock; @ 164
Event: 2.793 Thread 0x0000000016b8a800 Uncommon trap: reason=unstable_if action=reinterpret pc=0x0000000003206150 method=com.android.dx.ssa.SsaMethod.blockIndexToRopLabel(I)I @ 1
Event: 2.806 Thread 0x0000000016b8a800 Uncommon trap: reason=bimorphic action=maybe_recompile pc=0x00000000031225f0 method=com.android.dx.cf.code.BytecodeArray.parseInstruction(ILcom/android/dx/cf/code/BytecodeArray$Visitor;)I @ 1501
Event: 2.806 Thread 0x0000000016b8a800 Uncommon trap: reason=bimorphic action=maybe_recompile pc=0x00000000031225f0 method=com.android.dx.cf.code.BytecodeArray.parseInstruction(ILcom/android/dx/cf/code/BytecodeArray$Visitor;)I @ 1501
Event: 3.095 Thread 0x0000000016b98800 Uncommon trap: reason=null_check action=make_not_entrant pc=0x00000000031a0130 method=com.android.dx.ssa.SsaRenamer.getLocalForNewReg(I)Lcom/android/dx/rop/code/LocalItem; @ 19
Event: 3.854 Thread 0x0000000016b98800 Uncommon trap: reason=unstable_if action=reinterpret pc=0x00000000031ecf84 method=com.android.dx.cf.code.RopperMachine.run(Lcom/android/dx/cf/code/Frame;II)V @ 1250

Internal exceptions (3 events):
Event: 0.043 Thread 0x000000000029f000 Exception <a 'java/lang/NoSuchMethodError': Method sun.misc.Unsafe.defineClass(Ljava/lang/String;[BII)Ljava/lang/Class; name or signature does not match> (0x00000000eab07cc0) thrown at [C:\src\android\AOSP-openjdk\external\jetbrains\jdk\hotspot\src\share\vn:äæ8ë¥?
Event: 0.043 Thread 0x000000000029f000 Exception <a 'java/lang/NoSuchMethodError': Method sun.misc.Unsafe.prefetchRead(Ljava/lang/Object;J)V name or signature does not match> (0x00000000eab07fa8) thrown at [C:\src\android\AOSP-openjdk\external\jetbrains\jdk\hotspot\src\share\vm\prims\jni.cpp, lŠÑT¦Â@
Event: 3.095 Thread 0x0000000016b98800 Implicit null exception at 0x000000000319da6d to 0x00000000031a00ed

Events (10 events):
Event: 3.093 loading class com/android/dx/cf/attrib/AttExceptions
Event: 3.093 loading class com/android/dx/cf/attrib/AttExceptions done
Event: 3.095 Thread 0x0000000016b98800 Uncommon trap: trap_request=0xfffffff4 fr.pc=0x00000000031a0130
Event: 3.095 Thread 0x0000000016b98800 DEOPT PACKING pc=0x00000000031a0130 sp=0x000000001748e6f0
Event: 3.095 Thread 0x0000000016b98800 DEOPT UNPACKING pc=0x0000000002bc556a sp=0x000000001748e4b0 mode 2
Event: 3.106 Thread 0x0000000016b8d800 DEOPT PACKING pc=0x0000000002f3f563 sp=0x000000001827e520
Event: 3.106 Thread 0x0000000016b8d800 DEOPT UNPACKING pc=0x0000000002bc75bf sp=0x000000001827e330 mode 0
Event: 3.854 Thread 0x0000000016b98800 Uncommon trap: trap_request=0xffffff65 fr.pc=0x00000000031ecf84
Event: 3.854 Thread 0x0000000016b98800 DEOPT PACKING pc=0x00000000031ecf84 sp=0x000000001748e550
Event: 3.854 Thread 0x0000000016b98800 DEOPT UNPACKING pc=0x0000000002bc556a sp=0x000000001748e518 mode 2


Dynamic libraries:
0x000000013ff20000 - 0x000000013ff51000 	C:\Program Files\Android\Android Studio\jre\bin\java.exe
0x00000000774c0000 - 0x000000007766a000 	C:\windows\SYSTEM32\ntdll.dll
0x00000000772a0000 - 0x00000000773bf000 	C:\windows\system32\kernel32.dll
0x000007fefd700000 - 0x000007fefd76a000 	C:\windows\system32\KERNELBASE.dll
0x00000000750f0000 - 0x0000000075179000 	C:\windows\System32\SYSFER.DLL
0x000007fefe550000 - 0x000007fefe62b000 	C:\windows\system32\ADVAPI32.dll
0x000007feff6b0000 - 0x000007feff74f000 	C:\windows\system32\msvcrt.dll
0x000007fefe120000 - 0x000007fefe13f000 	C:\windows\SYSTEM32\sechost.dll
0x000007fefe1b0000 - 0x000007fefe2dd000 	C:\windows\system32\RPCRT4.dll
0x00000000773c0000 - 0x00000000774ba000 	C:\windows\system32\USER32.dll
0x000007fefe140000 - 0x000007fefe1a7000 	C:\windows\system32\GDI32.dll
0x000007fefe630000 - 0x000007fefe63e000 	C:\windows\system32\LPK.dll
0x000007fefd7d0000 - 0x000007fefd89a000 	C:\windows\system32\USP10.dll
0x000007fefbfd0000 - 0x000007fefc1c4000 	C:\windows\WinSxS\amd64_microsoft.windows.common-controls_6595b64144ccf1df_6.0.7601.18837_none_fa3b1e3d17594757\COMCTL32.dll
0x000007feff750000 - 0x000007feff7c1000 	C:\windows\system32\SHLWAPI.dll
0x000007fefdc00000 - 0x000007fefdc2e000 	C:\windows\system32\IMM32.DLL
0x000007fefe2f0000 - 0x000007fefe3f9000 	C:\windows\system32\MSCTF.dll
0x0000000065650000 - 0x0000000065722000 	C:\Program Files\Android\Android Studio\jre\jre\bin\msvcr100.dll
0x00000000514e0000 - 0x0000000051d14000 	C:\Program Files\Android\Android Studio\jre\jre\bin\server\jvm.dll
0x000007fefb840000 - 0x000007fefb849000 	C:\windows\system32\WSOCK32.dll
0x000007fefe460000 - 0x000007fefe4ad000 	C:\windows\system32\WS2_32.dll
0x000007fefe2e0000 - 0x000007fefe2e8000 	C:\windows\system32\NSI.dll
0x000007fefb3f0000 - 0x000007fefb42b000 	C:\windows\system32\WINMM.dll
0x000007fefc510000 - 0x000007fefc51c000 	C:\windows\system32\VERSION.dll
0x0000000077690000 - 0x0000000077697000 	C:\windows\system32\PSAPI.DLL
0x000007fefaf80000 - 0x000007fefaf8f000 	C:\Program Files\Android\Android Studio\jre\jre\bin\verify.dll
0x000007fef8550000 - 0x000007fef8579000 	C:\Program Files\Android\Android Studio\jre\jre\bin\java.dll
0x000007fefaf60000 - 0x000007fefaf76000 	C:\Program Files\Android\Android Studio\jre\jre\bin\zip.dll
0x000007fefe920000 - 0x000007feff6a9000 	C:\windows\system32\SHELL32.dll
0x000007fefde90000 - 0x000007fefe093000 	C:\windows\system32\ole32.dll
0x000007fefd3c0000 - 0x000007fefd3cf000 	C:\windows\system32\profapi.dll

VM Arguments:
jvm_args: -Djava.awt.headless=true -Xmx1024M -Dfile.encoding=GBK -Duser.country=CN -Duser.language=zh -Duser.variant 
java_command: com.android.dx.command.Main --dex --force-jumbo --num-threads=4 --output C:\Users\wb-cuiweixing\Documents\print1\app\build\intermediates\pre-dexed\debug\support-v4-19.1.0_d3d8756ffb2b5d75248d09e0da26960618a2f7d8.jar D:\tools_az\sdk\sdk\extras\android\m2repository\com\android\support\support-v4\19.1.0\support-v4-19.1.0.jar
java_class_path (initial): D:\tools_az\sdk\sdk\build-tools\25.0.2\lib\dx.jar
Launcher Type: SUN_STANDARD

Environment Variables:
JAVA_HOME=C:\Program Files\Java\jdk1.8.0_60
PATH=C:\Program Files\Java\jdk1.8.0_60\bin;C:\Windows\System32;C:\Windows\System32\WindowsPowerShell;D:\tools_az\apache-maven-3.2.5\bin;D:\tools_az\sdk\sdk\tools;D:\tools_az\sdk\sdk\platform-tools;
USERNAME=wb-cuiweixing
OS=Windows_NT
PROCESSOR_IDENTIFIER=Intel64 Family 6 Model 60 Stepping 3, GenuineIntel



---------------  S Y S T E M  ---------------

OS: Windows 7 , 64 bit Build 7601 (6.1.7601.23569)

CPU:total 4 (4 cores per cpu, 1 threads per core) family 6 model 60 stepping 3, cmov, cx8, fxsr, mmx, sse, sse2, sse3, ssse3, sse4.1, sse4.2, popcnt, avx, avx2, aes, clmul, erms, rtm, lzcnt, tsc, tscinvbit, bmi1, bmi2

Memory: 4k page, physical 8334396k(828564k free), swap 8332536k(5164k free)

vm_info: OpenJDK 64-Bit Server VM (25.76-b03) for windows-amd64 JRE (1.8.0_76-release-b03), built on Jun 29 2016 19:09:20 by "ralucas" with MS VC++ 10.0 (VS2010)

time: Tue Mar 14 17:39:30 2017
elapsed time: 3 seconds (0d 0h 0m 3s)

