#
# There is insufficient memory for the Java Runtime Environment to continue.
# Native memory allocation (malloc) failed to allocate 493456 bytes for Chunk::new
# Possible reasons:
#   The system is out of physical RAM or swap space
#   In 32 bit mode, the process size limit was hit
# Possible solutions:
#   Reduce memory load on the system
#   Increase physical memory or swap space
#   Check if swap backing store is full
#   Use 64 bit Java on a 64 bit OS
#   Decrease Java heap size (-Xmx/-Xms)
#   Decrease number of Java threads
#   Decrease Java thread stack sizes (-Xss)
#   Set larger code cache with -XX:ReservedCodeCacheSize=
# This output file may be truncated or incomplete.
#
#  Out of Memory Error (allocation.cpp:390), pid=6500, tid=0x0000000000001dac
#
# JRE version: OpenJDK Runtime Environment (8.0_76-b03) (build 1.8.0_76-release-b03)
# Java VM: OpenJDK 64-Bit Server VM (25.76-b03 mixed mode windows-amd64 compressed oops)
# Failed to write core dump. Minidumps are not enabled by default on client versions of Windows
#

---------------  T H R E A D  ---------------

Current thread (0x000000001549a000):  JavaThread "C2 CompilerThread1" daemon [_thread_in_native, id=7596, stack(0x0000000016fa0000,0x00000000170a0000)]

Stack: [0x0000000016fa0000,0x00000000170a0000]
[error occurred during error reporting (printing stack bounds), id 0xc0000005]

Native frames: (J=compiled Java code, j=interpreted, Vv=VM code, C=native code)


Current CompileTask:
C2:   2656 1370       4       com.android.dx.ssa.SCCP::simulateBlock (54 bytes)


---------------  P R O C E S S  ---------------

Java Threads: ( => current thread )
  0x0000000016a12000 JavaThread "pool-1-thread-4" [_thread_blocked_trans, id=9920, stack(0x0000000018300000,0x0000000018400000)]
  0x0000000016b3b800 JavaThread "pool-1-thread-3" [_thread_blocked, id=8552, stack(0x0000000018140000,0x0000000018240000)]
  0x0000000016bbd800 JavaThread "pool-1-thread-2" [_thread_blocked, id=8180, stack(0x00000000170a0000,0x00000000171a0000)]
  0x0000000016bbb800 JavaThread "pool-2-thread-1" [_thread_blocked, id=8140, stack(0x0000000017e00000,0x0000000017f00000)]
  0x0000000016bba800 JavaThread "pool-1-thread-1" [_thread_blocked, id=1316, stack(0x0000000017f50000,0x0000000018050000)]
  0x0000000016836000 JavaThread "Service Thread" daemon [_thread_blocked, id=6444, stack(0x00000000173f0000,0x00000000174f0000)]
  0x000000001549b800 JavaThread "C1 CompilerThread2" daemon [_thread_blocked, id=9940, stack(0x00000000171e0000,0x00000000172e0000)]
=>0x000000001549a000 JavaThread "C2 CompilerThread1" daemon [_thread_in_native, id=7596, stack(0x0000000016fa0000,0x00000000170a0000)]
  0x00000000167cd000 JavaThread "C2 CompilerThread0" daemon [_thread_in_native, id=9772, stack(0x0000000016e10000,0x0000000016f10000)]
  0x00000000167ca800 JavaThread "Attach Listener" daemon [_thread_blocked, id=8312, stack(0x0000000016c60000,0x0000000016d60000)]
  0x0000000015499800 JavaThread "Signal Dispatcher" daemon [_thread_blocked, id=9752, stack(0x00000000165a0000,0x00000000166a0000)]
  0x0000000015477000 JavaThread "Finalizer" daemon [_thread_blocked, id=228, stack(0x00000000166c0000,0x00000000167c0000)]
  0x000000001542f800 JavaThread "Reference Handler" daemon [_thread_blocked, id=9384, stack(0x00000000163a0000,0x00000000164a0000)]
  0x000000000273f000 JavaThread "main" [_thread_blocked, id=9728, stack(0x0000000002940000,0x0000000002a40000)]

Other Threads:
  0x0000000015428000 VMThread [stack: 0x00000000164a0000,0x00000000165a0000] [id=680]
  0x0000000016838000 WatcherThread [stack: 0x00000000174f0000,0x00000000175f0000] [id=8252]

VM state:not at safepoint (normal execution)

VM Mutex/Monitor currently owned by a thread: None

Heap:
 PSYoungGen      total 38400K, used 14735K [0x00000000eab00000, 0x00000000ef600000, 0x0000000100000000)
  eden space 33280K, 28% used [0x00000000eab00000,0x00000000eb4688f8,0x00000000ecb80000)
  from space 5120K, 99% used [0x00000000ecb80000,0x00000000ed07b650,0x00000000ed080000)
  to   space 5120K, 0% used [0x00000000ef100000,0x00000000ef100000,0x00000000ef600000)
 ParOldGen       total 87552K, used 913K [0x00000000c0000000, 0x00000000c5580000, 0x00000000eab00000)
  object space 87552K, 1% used [0x00000000c0000000,0x00000000c00e4468,0x00000000c5580000)
 Metaspace       used 6057K, capacity 6960K, committed 7040K, reserved 1056768K
  class space    used 576K, capacity 616K, committed 640K, reserved 1048576K

Card table byte_map: [0x0000000011e00000,0x0000000012010000] byte_map_base: 0x0000000011800000

Marking Bits: (ParMarkBitMap*) 0x0000000051c99d00
 Begin Bits: [0x00000000128a0000, 0x00000000138a0000)
 End Bits:   [0x00000000138a0000, 0x00000000148a0000)

Polling page: 0x0000000000350000

CodeCache: size=245760Kb used=5691Kb max_used=5691Kb free=240068Kb
 bounds [0x0000000002a40000, 0x0000000002fe0000, 0x0000000011a40000]
 total_blobs=1668 nmethods=1398 adapters=184
 compilation: enabled

Compilation events (10 events):
Event: 2.634 Thread 0x000000001549b800 1401       3       com.android.dx.ssa.SsaMethod::indexListFromLabelList (47 bytes)
Event: 2.634 Thread 0x000000001549b800 nmethod 1401 0x0000000002fd09d0 code [0x0000000002fd0b80, 0x0000000002fd1318]
Event: 2.634 Thread 0x000000001549b800 1399       3       com.android.dx.ssa.SetFactory::makeInterferenceSet (26 bytes)
Event: 2.634 Thread 0x000000001549b800 nmethod 1399 0x0000000002fcde50 code [0x0000000002fcdfe0, 0x0000000002fce3e8]
Event: 2.634 Thread 0x000000001549b800 1402       3       com.android.dx.ssa.PhiTypeResolver::run (179 bytes)
Event: 2.635 Thread 0x000000001549b800 nmethod 1402 0x0000000002fd1590 code [0x0000000002fd1820, 0x0000000002fd2928]
Event: 2.635 Thread 0x000000001549b800 1403       3       java.util.TreeMap::rotateRight (96 bytes)
Event: 2.635 Thread 0x000000001549b800 nmethod 1403 0x0000000002fd3150 code [0x0000000002fd32c0, 0x0000000002fd3610]
Event: 2.635 Thread 0x000000001549b800 1396       3       com.android.dx.cf.code.ConcreteMethod::getMaxStack (8 bytes)
Event: 2.635 Thread 0x000000001549b800 nmethod 1396 0x0000000002fcda50 code [0x0000000002fcdba0, 0x0000000002fcdd90]

GC Heap History (2 events):
Event: 1.549 GC heap before
{Heap before GC invocations=1 (full 0):
 PSYoungGen      total 38400K, used 33280K [0x00000000eab00000, 0x00000000ed580000, 0x0000000100000000)
  eden space 33280K, 100% used [0x00000000eab00000,0x00000000ecb80000,0x00000000ecb80000)
  from space 5120K, 0% used [0x00000000ed080000,0x00000000ed080000,0x00000000ed580000)
  to   space 5120K, 0% used [0x00000000ecb80000,0x00000000ecb80000,0x00000000ed080000)
 ParOldGen       total 87552K, used 0K [0x00000000c0000000, 0x00000000c5580000, 0x00000000eab00000)
  object space 87552K, 0% used [0x00000000c0000000,0x00000000c0000000,0x00000000c5580000)
 Metaspace       used 5888K, capacity 6832K, committed 7040K, reserved 1056768K
  class space    used 574K, capacity 616K, committed 640K, reserved 1048576K
Event: 1.632 GC heap after
Heap after GC invocations=1 (full 0):
 PSYoungGen      total 38400K, used 5101K [0x00000000eab00000, 0x00000000ef600000, 0x0000000100000000)
  eden space 33280K, 0% used [0x00000000eab00000,0x00000000eab00000,0x00000000ecb80000)
  from space 5120K, 99% used [0x00000000ecb80000,0x00000000ed07b650,0x00000000ed080000)
  to   space 5120K, 0% used [0x00000000ef100000,0x00000000ef100000,0x00000000ef600000)
 ParOldGen       total 87552K, used 913K [0x00000000c0000000, 0x00000000c5580000, 0x00000000eab00000)
  object space 87552K, 1% used [0x00000000c0000000,0x00000000c00e4468,0x00000000c5580000)
 Metaspace       used 5888K, capacity 6832K, committed 7040K, reserved 1056768K
  class space    used 574K, capacity 616K, committed 640K, reserved 1048576K
}

Deoptimization events (10 events):
Event: 2.569 Thread 0x0000000016a12000 Uncommon trap: reason=class_check action=maybe_recompile pc=0x0000000002dac078 method=com.android.dx.rop.type.Type.equals(Ljava/lang/Object;)Z @ 8
Event: 2.569 Thread 0x0000000016a12000 Uncommon trap: reason=bimorphic action=maybe_recompile pc=0x0000000002e8fc10 method=com.android.dx.ssa.LiteralOpUpgrader.tryReplacingWithConstant(Lcom/android/dx/ssa/NormalSsaInsn;)Z @ 52
Event: 2.569 Thread 0x0000000016a12000 Uncommon trap: reason=class_check action=maybe_recompile pc=0x0000000002d894d0 method=com.android.dx.rop.type.Type.equals(Ljava/lang/Object;)Z @ 8
Event: 2.569 Thread 0x0000000016a12000 Uncommon trap: reason=class_check action=maybe_recompile pc=0x0000000002d7c590 method=com.android.dx.rop.type.Type.equals(Ljava/lang/Object;)Z @ 8
Event: 2.569 Thread 0x0000000016a12000 Uncommon trap: reason=class_check action=maybe_recompile pc=0x0000000002d82d90 method=com.android.dx.rop.type.Type.equals(Ljava/lang/Object;)Z @ 8
Event: 2.610 Thread 0x0000000016bbd800 Uncommon trap: reason=unstable_if action=reinterpret pc=0x0000000002f810b0 method=com.android.dx.rop.code.RegisterSpec.intersect(Lcom/android/dx/rop/code/RegisterSpec;Z)Lcom/android/dx/rop/code/RegisterSpec; @ 8
Event: 2.613 Thread 0x0000000016bba800 Uncommon trap: reason=bimorphic action=maybe_recompile pc=0x0000000002f06980 method=com.android.dx.cf.code.BytecodeArray.parseInstruction(ILcom/android/dx/cf/code/BytecodeArray$Visitor;)I @ 923
Event: 2.613 Thread 0x0000000016bba800 Uncommon trap: reason=bimorphic action=maybe_recompile pc=0x0000000002f06980 method=com.android.dx.cf.code.BytecodeArray.parseInstruction(ILcom/android/dx/cf/code/BytecodeArray$Visitor;)I @ 923
Event: 2.631 Thread 0x0000000016bbd800 Uncommon trap: reason=unstable_if action=reinterpret pc=0x0000000002ed8ee8 method=com.android.dx.cf.code.Ropper.labelToResultIndex(I)I @ 34
Event: 2.631 Thread 0x0000000016bbd800 Uncommon trap: reason=unstable_if action=reinterpret pc=0x0000000002ef0218 method=com.android.dx.util.LabeledList.set(ILcom/android/dx/util/LabeledItem;)V @ 16

Internal exceptions (3 events):
Event: 0.115 Thread 0x000000000273f000 Exception <a 'java/lang/NoSuchMethodError': Method sun.misc.Unsafe.defineClass(Ljava/lang/String;[BII)Ljava/lang/Class; name or signature does not match> (0x00000000eab07cc0) thrown at [C:\src\android\AOSP-openjdk\external\jetbrains\jdk\hotspot\src\share\v€ð“èf½?
Event: 0.115 Thread 0x000000000273f000 Exception <a 'java/lang/NoSuchMethodError': Method sun.misc.Unsafe.prefetchRead(Ljava/lang/Object;J)V name or signature does not match> (0x00000000eab07fa8) thrown at [C:\src\android\AOSP-openjdk\external\jetbrains\jdk\hotspot\src\share\vm\prims\jni.cpp, lÉÇ¬.+ió?
Event: 1.213 Thread 0x0000000016bbd800 Implicit null exception at 0x0000000002d8a199 to 0x0000000002d8c515

Events (10 events):
Event: 2.631 loading class java/util/HashMap$Values
Event: 2.631 loading class java/util/HashMap$Values done
Event: 2.631 loading class java/util/HashMap$ValueIterator
Event: 2.631 loading class java/util/HashMap$ValueIterator done
Event: 2.631 Thread 0x0000000016bbd800 Uncommon trap: trap_request=0xffffff65 fr.pc=0x0000000002ed8ee8
Event: 2.631 Thread 0x0000000016bbd800 DEOPT PACKING pc=0x0000000002ed8ee8 sp=0x000000001719ed60
Event: 2.631 Thread 0x0000000016bbd800 DEOPT UNPACKING pc=0x0000000002a8556a sp=0x000000001719ed08 mode 2
Event: 2.631 Thread 0x0000000016bbd800 Uncommon trap: trap_request=0xffffff65 fr.pc=0x0000000002ef0218
Event: 2.631 Thread 0x0000000016bbd800 DEOPT PACKING pc=0x0000000002ef0218 sp=0x000000001719eb60
Event: 2.631 Thread 0x0000000016bbd800 DEOPT UNPACKING pc=0x0000000002a8556a sp=0x000000001719eb48 mode 2


Dynamic libraries:
0x000000013ff20000 - 0x000000013ff51000 	C:\Program Files\Android\Android Studio\jre\bin\java.exe
0x00000000774c0000 - 0x000000007766a000 	C:\windows\SYSTEM32\ntdll.dll
0x00000000772a0000 - 0x00000000773bf000 	C:\windows\system32\kernel32.dll
0x000007fefd700000 - 0x000007fefd76a000 	C:\windows\system32\KERNELBASE.dll
0x00000000750f0000 - 0x0000000075179000 	C:\windows\System32\SYSFER.DLL
0x000007fefe550000 - 0x000007fefe62b000 	C:\windows\system32\ADVAPI32.dll
0x000007feff6b0000 - 0x000007feff74f000 	C:\windows\system32\msvcrt.dll
0x000007fefe120000 - 0x000007fefe13f000 	C:\windows\SYSTEM32\sechost.dll
0x000007fefe1b0000 - 0x000007fefe2dd000 	C:\windows\system32\RPCRT4.dll
0x00000000773c0000 - 0x00000000774ba000 	C:\windows\system32\USER32.dll
0x000007fefe140000 - 0x000007fefe1a7000 	C:\windows\system32\GDI32.dll
0x000007fefe630000 - 0x000007fefe63e000 	C:\windows\system32\LPK.dll
0x000007fefd7d0000 - 0x000007fefd89a000 	C:\windows\system32\USP10.dll
0x000007fefbfd0000 - 0x000007fefc1c4000 	C:\windows\WinSxS\amd64_microsoft.windows.common-controls_6595b64144ccf1df_6.0.7601.18837_none_fa3b1e3d17594757\COMCTL32.dll
0x000007feff750000 - 0x000007feff7c1000 	C:\windows\system32\SHLWAPI.dll
0x000007fefdc00000 - 0x000007fefdc2e000 	C:\windows\system32\IMM32.DLL
0x000007fefe2f0000 - 0x000007fefe3f9000 	C:\windows\system32\MSCTF.dll
0x0000000065650000 - 0x0000000065722000 	C:\Program Files\Android\Android Studio\jre\jre\bin\msvcr100.dll
0x00000000514e0000 - 0x0000000051d14000 	C:\Program Files\Android\Android Studio\jre\jre\bin\server\jvm.dll
0x000007fefb840000 - 0x000007fefb849000 	C:\windows\system32\WSOCK32.dll
0x000007fefe460000 - 0x000007fefe4ad000 	C:\windows\system32\WS2_32.dll
0x000007fefe2e0000 - 0x000007fefe2e8000 	C:\windows\system32\NSI.dll
0x000007fefb3f0000 - 0x000007fefb42b000 	C:\windows\system32\WINMM.dll
0x000007fefc510000 - 0x000007fefc51c000 	C:\windows\system32\VERSION.dll
0x0000000077690000 - 0x0000000077697000 	C:\windows\system32\PSAPI.DLL
0x000007fefaf80000 - 0x000007fefaf8f000 	C:\Program Files\Android\Android Studio\jre\jre\bin\verify.dll
0x000007fef8550000 - 0x000007fef8579000 	C:\Program Files\Android\Android Studio\jre\jre\bin\java.dll
0x000007fefaf60000 - 0x000007fefaf76000 	C:\Program Files\Android\Android Studio\jre\jre\bin\zip.dll
0x000007fefe920000 - 0x000007feff6a9000 	C:\windows\system32\SHELL32.dll
0x000007fefde90000 - 0x000007fefe093000 	C:\windows\system32\ole32.dll
0x000007fefd3c0000 - 0x000007fefd3cf000 	C:\windows\system32\profapi.dll

VM Arguments:
jvm_args: -Djava.awt.headless=true -Xmx1024M -Dfile.encoding=GBK -Duser.country=CN -Duser.language=zh -Duser.variant 
java_command: com.android.dx.command.Main --dex --force-jumbo --num-threads=4 --output C:\Users\wb-cuiweixing\Documents\print1\app\build\intermediates\pre-dexed\debug\haha-1.1_f5eb3a5a8bcc3d838d95731ce6f00763bbeb5ece.jar C:\Users\wb-cuiweixing\.gradle\caches\modules-2\files-2.1\com.squareup.haha\haha\1.1\b7b2e61ee1ad2d1ac6ae3122de9c940fb0d0e635\haha-1.1.jar
java_class_path (initial): D:\tools_az\sdk\sdk\build-tools\25.0.2\lib\dx.jar
Launcher Type: SUN_STANDARD

Environment Variables:
JAVA_HOME=C:\Program Files\Java\jdk1.8.0_60
PATH=C:\Program Files\Java\jdk1.8.0_60\bin;C:\Windows\System32;C:\Windows\System32\WindowsPowerShell;D:\tools_az\apache-maven-3.2.5\bin;D:\tools_az\sdk\sdk\tools;D:\tools_az\sdk\sdk\platform-tools;
USERNAME=wb-cuiweixing
OS=Windows_NT
PROCESSOR_IDENTIFIER=Intel64 Family 6 Model 60 Stepping 3, GenuineIntel



---------------  S Y S T E M  ---------------

OS: Windows 7 , 64 bit Build 7601 (6.1.7601.23569)

CPU:total 4 (4 cores per cpu, 1 threads per core) family 6 model 60 stepping 3, cmov, cx8, fxsr, mmx, sse, sse2, sse3, ssse3, sse4.1, sse4.2, popcnt, avx, avx2, aes, clmul, erms, rtm, lzcnt, tsc, tscinvbit, bmi1, bmi2

Memory: 4k page, physical 8334396k(892308k free), swap 8332536k(5112k free)

vm_info: OpenJDK 64-Bit Server VM (25.76-b03) for windows-amd64 JRE (1.8.0_76-release-b03), built on Jun 29 2016 19:09:20 by "ralucas" with MS VC++ 10.0 (VS2010)

time: Tue Mar 14 17:39:35 2017
elapsed time: 2 seconds (0d 0h 0m 2s)

